<?xml version="1.0" encoding="UTF-8" ?>
<testsuite failures="1" time="2.862" errors="0" skipped="0" tests="79" name="TestSuite">
  <properties>
    <property name="java.runtime.name" value="Java(TM) SE Runtime Environment"/>
    <property name="sun.boot.library.path" value="C:\Program Files\Java\jdk1.7.0_51\jre\bin"/>
    <property name="java.vm.version" value="24.51-b03"/>
    <property name="java.vm.vendor" value="Oracle Corporation"/>
    <property name="java.vendor.url" value="http://java.oracle.com/"/>
    <property name="path.separator" value=";"/>
    <property name="java.vm.name" value="Java HotSpot(TM) 64-Bit Server VM"/>
    <property name="file.encoding.pkg" value="sun.io"/>
    <property name="user.script" value=""/>
    <property name="user.country" value="US"/>
    <property name="sun.java.launcher" value="SUN_STANDARD"/>
    <property name="sun.os.patch.level" value="Service Pack 1"/>
    <property name="java.vm.specification.name" value="Java Virtual Machine Specification"/>
    <property name="user.dir" value="C:\workspace\MySelion"/>
    <property name="java.runtime.version" value="1.7.0_51-b13"/>
    <property name="java.awt.graphicsenv" value="sun.awt.Win32GraphicsEnvironment"/>
    <property name="basedir" value="C:\workspace\MySelion"/>
    <property name="java.endorsed.dirs" value="C:\Program Files\Java\jdk1.7.0_51\jre\lib\endorsed"/>
    <property name="os.arch" value="amd64"/>
    <property name="surefire.real.class.path" value="C:\Users\general\AppData\Local\Temp\surefirebooter3682803232307752243.jar"/>
    <property name="java.io.tmpdir" value="C:\Users\general\AppData\Local\Temp\"/>
    <property name="line.separator" value="
"/>
    <property name="java.vm.specification.vendor" value="Oracle Corporation"/>
    <property name="user.variant" value=""/>
    <property name="os.name" value="Windows 7"/>
    <property name="sun.jnu.encoding" value="GBK"/>
    <property name="java.library.path" value="C:\Program Files\Java\jdk1.7.0_51\jre\bin;C:\WINDOWS\Sun\Java\bin;C:\WINDOWS\system32;C:\WINDOWS;C:\Program Files (x86)\RSA SecurID Token Common;C:\Program Files (x86)\Intel\iCLS Client\;C:\Program Files\Intel\iCLS Client\;C:\WINDOWS\system32;C:\WINDOWS;C:\WINDOWS\System32\Wbem;C:\WINDOWS\System32\WindowsPowerShell\v1.0\;C:\WINDOWS\System32\WindowsPowerShell\v1.0\;C:\Program Files (x86)\Microsoft Application Virtualization Client;C:\Program Files\Intel\Intel(R) Management Engine Components\DAL;C:\Program Files\Intel\Intel(R) Management Engine Components\IPT;C:\Program Files (x86)\Intel\Intel(R) Management Engine Components\DAL;C:\Program Files (x86)\Intel\Intel(R) Management Engine Components\IPT;C:\Program Files\Common Files\Hitachi ID\;C:\Program Files\Java\jdk1.7.0_51\bin;C:\Program Files\Java\jdk1.7.0_51\jre\bin;C:\corona-java-1.1.0\apache-maven-3.0.5\bin;C:\Ruby\Node.js\;C:\Ruby\ANDROID_SDK;C:\Ruby\ANDROID_SDK\tools;C:\Ruby\ANDROID_SDK\platform-tools;C:\Ruby\Ruby22-x64\bin;C:\Program Files (x86)\Skype\Phone\;."/>
    <property name="surefire.test.class.path" value="C:\workspace\MySelion\target\test-classes;C:\workspace\MySelion\target\classes;C:\Users\general\.m2\repository\com\paypal\selion\SeLion\1.0.0\SeLion-1.0.0.jar;C:\Users\general\.m2\repository\com\paypal\selion\SeLion-Common\1.0.0\SeLion-Common-1.0.0.jar;C:\Users\general\.m2\repository\commons-configuration\commons-configuration\1.10\commons-configuration-1.10.jar;C:\Users\general\.m2\repository\commons-io\commons-io\2.4\commons-io-2.4.jar;C:\Users\general\.m2\repository\com\google\guava\guava\18.0\guava-18.0.jar;C:\Users\general\.m2\repository\com\paypal\selion\SeLion-DataProviders\1.0.0\SeLion-DataProviders-1.0.0.jar;C:\Users\general\.m2\repository\org\apache\commons\commons-lang3\3.4\commons-lang3-3.4.jar;C:\Users\general\.m2\repository\org\apache\poi\poi-ooxml\3.6\poi-ooxml-3.6.jar;C:\Users\general\.m2\repository\org\apache\poi\poi-ooxml-schemas\3.6\poi-ooxml-schemas-3.6.jar;C:\Users\general\.m2\repository\org\apache\xmlbeans\xmlbeans\2.3.0\xmlbeans-2.3.0.jar;C:\Users\general\.m2\repository\stax\stax-api\1.0.1\stax-api-1.0.1.jar;C:\Users\general\.m2\repository\org\apache\geronimo\specs\geronimo-stax-api_1.0_spec\1.0\geronimo-stax-api_1.0_spec-1.0.jar;C:\Users\general\.m2\repository\org\apache\poi\poi\3.6\poi-3.6.jar;C:\Users\general\.m2\repository\log4j\log4j\1.2.13\log4j-1.2.13.jar;C:\Users\general\.m2\repository\com\google\code\gson\gson\2.3.1\gson-2.3.1.jar;C:\Users\general\.m2\repository\commons-jxpath\commons-jxpath\1.3\commons-jxpath-1.3.jar;C:\Users\general\.m2\repository\xml-apis\xml-apis\1.4.01\xml-apis-1.4.01.jar;C:\Users\general\.m2\repository\dom4j\dom4j\1.6.1\dom4j-1.6.1.jar;C:\Users\general\.m2\repository\jaxen\jaxen\1.1.6\jaxen-1.1.6.jar;C:\Users\general\.m2\repository\org\seleniumhq\selenium\selenium-api\2.48.2\selenium-api-2.48.2.jar;C:\Users\general\.m2\repository\org\seleniumhq\selenium\selenium-java\2.48.2\selenium-java-2.48.2.jar;C:\Users\general\.m2\repository\org\seleniumhq\selenium\selenium-chrome-driver\2.48.2\selenium-chrome-driver-2.48.2.jar;C:\Users\general\.m2\repository\org\seleniumhq\selenium\selenium-remote-driver\2.48.2\selenium-remote-driver-2.48.2.jar;C:\Users\general\.m2\repository\cglib\cglib-nodep\2.1_3\cglib-nodep-2.1_3.jar;C:\Users\general\.m2\repository\org\seleniumhq\selenium\selenium-edge-driver\2.48.2\selenium-edge-driver-2.48.2.jar;C:\Users\general\.m2\repository\org\seleniumhq\selenium\selenium-htmlunit-driver\2.48.2\selenium-htmlunit-driver-2.48.2.jar;C:\Users\general\.m2\repository\org\seleniumhq\selenium\selenium-firefox-driver\2.48.2\selenium-firefox-driver-2.48.2.jar;C:\Users\general\.m2\repository\org\seleniumhq\selenium\selenium-ie-driver\2.48.2\selenium-ie-driver-2.48.2.jar;C:\Users\general\.m2\repository\net\java\dev\jna\jna\4.1.0\jna-4.1.0.jar;C:\Users\general\.m2\repository\net\java\dev\jna\jna-platform\4.1.0\jna-platform-4.1.0.jar;C:\Users\general\.m2\repository\org\seleniumhq\selenium\selenium-safari-driver\2.48.2\selenium-safari-driver-2.48.2.jar;C:\Users\general\.m2\repository\org\seleniumhq\selenium\selenium-support\2.48.2\selenium-support-2.48.2.jar;C:\Users\general\.m2\repository\org\webbitserver\webbit\0.4.14\webbit-0.4.14.jar;C:\Users\general\.m2\repository\io\netty\netty\3.5.2.Final\netty-3.5.2.Final.jar;C:\Users\general\.m2\repository\org\seleniumhq\selenium\selenium-leg-rc\2.48.2\selenium-leg-rc-2.48.2.jar;C:\Users\general\.m2\repository\net\sourceforge\htmlunit\htmlunit\2.18\htmlunit-2.18.jar;C:\Users\general\.m2\repository\xalan\xalan\2.7.2\xalan-2.7.2.jar;C:\Users\general\.m2\repository\xalan\serializer\2.7.2\serializer-2.7.2.jar;C:\Users\general\.m2\repository\commons-collections\commons-collections\3.2.1\commons-collections-3.2.1.jar;C:\Users\general\.m2\repository\org\apache\httpcomponents\httpmime\4.5\httpmime-4.5.jar;C:\Users\general\.m2\repository\net\sourceforge\htmlunit\htmlunit-core-js\2.17\htmlunit-core-js-2.17.jar;C:\Users\general\.m2\repository\xerces\xercesImpl\2.11.0\xercesImpl-2.11.0.jar;C:\Users\general\.m2\repository\net\sourceforge\nekohtml\nekohtml\1.9.22\nekohtml-1.9.22.jar;C:\Users\general\.m2\repository\net\sourceforge\cssparser\cssparser\0.9.16\cssparser-0.9.16.jar;C:\Users\general\.m2\repository\org\w3c\css\sac\1.3\sac-1.3.jar;C:\Users\general\.m2\repository\commons-logging\commons-logging\1.2\commons-logging-1.2.jar;C:\Users\general\.m2\repository\org\eclipse\jetty\websocket\websocket-client\9.2.12.v20150709\websocket-client-9.2.12.v20150709.jar;C:\Users\general\.m2\repository\org\eclipse\jetty\jetty-util\9.2.12.v20150709\jetty-util-9.2.12.v20150709.jar;C:\Users\general\.m2\repository\org\eclipse\jetty\jetty-io\9.2.12.v20150709\jetty-io-9.2.12.v20150709.jar;C:\Users\general\.m2\repository\org\eclipse\jetty\websocket\websocket-common\9.2.12.v20150709\websocket-common-9.2.12.v20150709.jar;C:\Users\general\.m2\repository\org\eclipse\jetty\websocket\websocket-api\9.2.12.v20150709\websocket-api-9.2.12.v20150709.jar;C:\Users\general\.m2\repository\com\codeborne\phantomjsdriver\1.2.1\phantomjsdriver-1.2.1.jar;C:\Users\general\.m2\repository\io\selendroid\selendroid-client\0.17.0\selendroid-client-0.17.0.jar;C:\Users\general\.m2\repository\io\selendroid\selendroid-server-common\0.17.0\selendroid-server-common-0.17.0.jar;C:\Users\general\.m2\repository\io\netty\netty-all\4.0.21.Final\netty-all-4.0.21.Final.jar;C:\Users\general\.m2\repository\org\uiautomation\ios-client\0.6.5\ios-client-0.6.5.jar;C:\Users\general\.m2\repository\org\uiautomation\ios-common\0.6.5\ios-common-0.6.5.jar;C:\Users\general\.m2\repository\io\appium\java-client\3.2.0\java-client-3.2.0.jar;C:\Users\general\.m2\repository\cglib\cglib\3.1\cglib-3.1.jar;C:\Users\general\.m2\repository\org\ow2\asm\asm\4.2\asm-4.2.jar;C:\Users\general\.m2\repository\commons-validator\commons-validator\1.4.1\commons-validator-1.4.1.jar;C:\Users\general\.m2\repository\commons-beanutils\commons-beanutils\1.9.2\commons-beanutils-1.9.2.jar;C:\Users\general\.m2\repository\commons-digester\commons-digester\1.8.1\commons-digester-1.8.1.jar;C:\Users\general\.m2\repository\org\testng\testng\6.9.6\testng-6.9.6.jar;C:\Users\general\.m2\repository\com\google\inject\guice\4.0\guice-4.0-no_aop.jar;C:\Users\general\.m2\repository\javax\inject\javax.inject\1\javax.inject-1.jar;C:\Users\general\.m2\repository\aopalliance\aopalliance\1.0\aopalliance-1.0.jar;C:\Users\general\.m2\repository\org\beanshell\bsh\2.0b4\bsh-2.0b4.jar;C:\Users\general\.m2\repository\org\apache\ant\ant\1.7.0\ant-1.7.0.jar;C:\Users\general\.m2\repository\org\apache\ant\ant-launcher\1.7.0\ant-launcher-1.7.0.jar;C:\Users\general\.m2\repository\junit\junit\4.10\junit-4.10.jar;C:\Users\general\.m2\repository\org\hamcrest\hamcrest-core\1.1\hamcrest-core-1.1.jar;C:\Users\general\.m2\repository\org\apache\velocity\velocity\1.7\velocity-1.7.jar;C:\Users\general\.m2\repository\net\sf\uadetector\uadetector-resources\2014.10\uadetector-resources-2014.10.jar;C:\Users\general\.m2\repository\net\sf\uadetector\uadetector-core\0.9.22\uadetector-core-0.9.22.jar;C:\Users\general\.m2\repository\net\sf\qualitycheck\quality-check\1.3\quality-check-1.3.jar;C:\Users\general\.m2\repository\javax\annotation\jsr250-api\1.0\jsr250-api-1.0.jar;C:\Users\general\.m2\repository\org\slf4j\slf4j-api\1.7.7\slf4j-api-1.7.7.jar;C:\Users\general\.m2\repository\com\google\code\findbugs\jsr305\2.0.3\jsr305-2.0.3.jar;C:\Users\general\.m2\repository\com\paypal\selion\SeLion-Grid\1.0.0\SeLion-Grid-1.0.0.jar;C:\Users\general\.m2\repository\org\apache\httpcomponents\httpclient\4.5.1\httpclient-4.5.1.jar;C:\Users\general\.m2\repository\org\apache\httpcomponents\httpcore\4.4.3\httpcore-4.4.3.jar;C:\Users\general\.m2\repository\org\apache\commons\commons-exec\1.3\commons-exec-1.3.jar;C:\Users\general\.m2\repository\commons-lang\commons-lang\2.6\commons-lang-2.6.jar;C:\Users\general\.m2\repository\commons-codec\commons-codec\1.10\commons-codec-1.10.jar;C:\Users\general\.m2\repository\io\selendroid\selendroid-grid-plugin\0.17.0\selendroid-grid-plugin-0.17.0.jar;C:\Users\general\.m2\repository\io\selendroid\selendroid-common\0.17.0\selendroid-common-0.17.0.jar;C:\Users\general\.m2\repository\org\json\json\20090211\json-20090211.jar;C:\Users\general\.m2\repository\org\uiautomation\ios-grid\0.6.5\ios-grid-0.6.5.jar;C:\Users\general\.m2\repository\org\apache\commons\commons-compress\1.8.1\commons-compress-1.8.1.jar;C:\Users\general\.m2\repository\commons-fileupload\commons-fileupload\1.3.1\commons-fileupload-1.3.1.jar;C:\Users\general\.m2\repository\org\seleniumhq\selenium\selenium-server\2.48.2\selenium-server-2.48.2.jar;C:\Users\general\.m2\repository\com\beust\jcommander\1.48\jcommander-1.48.jar;C:\Users\general\.m2\repository\org\bouncycastle\bcprov-jdk15on\1.48\bcprov-jdk15on-1.48.jar;C:\Users\general\.m2\repository\org\bouncycastle\bcpkix-jdk15on\1.48\bcpkix-jdk15on-1.48.jar;C:\Users\general\.m2\repository\mx4j\mx4j-tools\3.0.1\mx4j-tools-3.0.1.jar;C:\Users\general\.m2\repository\org\seleniumhq\selenium\jetty-repacked\9.2.13.v20150730\jetty-repacked-9.2.13.v20150730.jar;C:\Users\general\.m2\repository\javax\servlet\javax.servlet-api\3.1.0\javax.servlet-api-3.1.0.jar;C:\Users\general\.m2\repository\org\seleniumhq\selenium\jetty-rc-repacked\5\jetty-rc-repacked-5.jar;C:\Users\general\.m2\repository\net\jcip\jcip-annotations\1.0\jcip-annotations-1.0.jar;C:\Users\general\.m2\repository\org\yaml\snakeyaml\1.15\snakeyaml-1.15.jar;"/>
    <property name="java.specification.name" value="Java Platform API Specification"/>
    <property name="java.class.version" value="51.0"/>
    <property name="sun.management.compiler" value="HotSpot 64-Bit Tiered Compilers"/>
    <property name="os.version" value="6.1"/>
    <property name="user.home" value="C:\Users\general"/>
    <property name="user.timezone" value="Asia/Shanghai"/>
    <property name="java.awt.printerjob" value="sun.awt.windows.WPrinterJob"/>
    <property name="java.specification.version" value="1.7"/>
    <property name="file.encoding" value="GBK"/>
    <property name="user.name" value="general"/>
    <property name="java.class.path" value="C:\workspace\MySelion\target\test-classes;C:\workspace\MySelion\target\classes;C:\Users\general\.m2\repository\com\paypal\selion\SeLion\1.0.0\SeLion-1.0.0.jar;C:\Users\general\.m2\repository\com\paypal\selion\SeLion-Common\1.0.0\SeLion-Common-1.0.0.jar;C:\Users\general\.m2\repository\commons-configuration\commons-configuration\1.10\commons-configuration-1.10.jar;C:\Users\general\.m2\repository\commons-io\commons-io\2.4\commons-io-2.4.jar;C:\Users\general\.m2\repository\com\google\guava\guava\18.0\guava-18.0.jar;C:\Users\general\.m2\repository\com\paypal\selion\SeLion-DataProviders\1.0.0\SeLion-DataProviders-1.0.0.jar;C:\Users\general\.m2\repository\org\apache\commons\commons-lang3\3.4\commons-lang3-3.4.jar;C:\Users\general\.m2\repository\org\apache\poi\poi-ooxml\3.6\poi-ooxml-3.6.jar;C:\Users\general\.m2\repository\org\apache\poi\poi-ooxml-schemas\3.6\poi-ooxml-schemas-3.6.jar;C:\Users\general\.m2\repository\org\apache\xmlbeans\xmlbeans\2.3.0\xmlbeans-2.3.0.jar;C:\Users\general\.m2\repository\stax\stax-api\1.0.1\stax-api-1.0.1.jar;C:\Users\general\.m2\repository\org\apache\geronimo\specs\geronimo-stax-api_1.0_spec\1.0\geronimo-stax-api_1.0_spec-1.0.jar;C:\Users\general\.m2\repository\org\apache\poi\poi\3.6\poi-3.6.jar;C:\Users\general\.m2\repository\log4j\log4j\1.2.13\log4j-1.2.13.jar;C:\Users\general\.m2\repository\com\google\code\gson\gson\2.3.1\gson-2.3.1.jar;C:\Users\general\.m2\repository\commons-jxpath\commons-jxpath\1.3\commons-jxpath-1.3.jar;C:\Users\general\.m2\repository\xml-apis\xml-apis\1.4.01\xml-apis-1.4.01.jar;C:\Users\general\.m2\repository\dom4j\dom4j\1.6.1\dom4j-1.6.1.jar;C:\Users\general\.m2\repository\jaxen\jaxen\1.1.6\jaxen-1.1.6.jar;C:\Users\general\.m2\repository\org\seleniumhq\selenium\selenium-api\2.48.2\selenium-api-2.48.2.jar;C:\Users\general\.m2\repository\org\seleniumhq\selenium\selenium-java\2.48.2\selenium-java-2.48.2.jar;C:\Users\general\.m2\repository\org\seleniumhq\selenium\selenium-chrome-driver\2.48.2\selenium-chrome-driver-2.48.2.jar;C:\Users\general\.m2\repository\org\seleniumhq\selenium\selenium-remote-driver\2.48.2\selenium-remote-driver-2.48.2.jar;C:\Users\general\.m2\repository\cglib\cglib-nodep\2.1_3\cglib-nodep-2.1_3.jar;C:\Users\general\.m2\repository\org\seleniumhq\selenium\selenium-edge-driver\2.48.2\selenium-edge-driver-2.48.2.jar;C:\Users\general\.m2\repository\org\seleniumhq\selenium\selenium-htmlunit-driver\2.48.2\selenium-htmlunit-driver-2.48.2.jar;C:\Users\general\.m2\repository\org\seleniumhq\selenium\selenium-firefox-driver\2.48.2\selenium-firefox-driver-2.48.2.jar;C:\Users\general\.m2\repository\org\seleniumhq\selenium\selenium-ie-driver\2.48.2\selenium-ie-driver-2.48.2.jar;C:\Users\general\.m2\repository\net\java\dev\jna\jna\4.1.0\jna-4.1.0.jar;C:\Users\general\.m2\repository\net\java\dev\jna\jna-platform\4.1.0\jna-platform-4.1.0.jar;C:\Users\general\.m2\repository\org\seleniumhq\selenium\selenium-safari-driver\2.48.2\selenium-safari-driver-2.48.2.jar;C:\Users\general\.m2\repository\org\seleniumhq\selenium\selenium-support\2.48.2\selenium-support-2.48.2.jar;C:\Users\general\.m2\repository\org\webbitserver\webbit\0.4.14\webbit-0.4.14.jar;C:\Users\general\.m2\repository\io\netty\netty\3.5.2.Final\netty-3.5.2.Final.jar;C:\Users\general\.m2\repository\org\seleniumhq\selenium\selenium-leg-rc\2.48.2\selenium-leg-rc-2.48.2.jar;C:\Users\general\.m2\repository\net\sourceforge\htmlunit\htmlunit\2.18\htmlunit-2.18.jar;C:\Users\general\.m2\repository\xalan\xalan\2.7.2\xalan-2.7.2.jar;C:\Users\general\.m2\repository\xalan\serializer\2.7.2\serializer-2.7.2.jar;C:\Users\general\.m2\repository\commons-collections\commons-collections\3.2.1\commons-collections-3.2.1.jar;C:\Users\general\.m2\repository\org\apache\httpcomponents\httpmime\4.5\httpmime-4.5.jar;C:\Users\general\.m2\repository\net\sourceforge\htmlunit\htmlunit-core-js\2.17\htmlunit-core-js-2.17.jar;C:\Users\general\.m2\repository\xerces\xercesImpl\2.11.0\xercesImpl-2.11.0.jar;C:\Users\general\.m2\repository\net\sourceforge\nekohtml\nekohtml\1.9.22\nekohtml-1.9.22.jar;C:\Users\general\.m2\repository\net\sourceforge\cssparser\cssparser\0.9.16\cssparser-0.9.16.jar;C:\Users\general\.m2\repository\org\w3c\css\sac\1.3\sac-1.3.jar;C:\Users\general\.m2\repository\commons-logging\commons-logging\1.2\commons-logging-1.2.jar;C:\Users\general\.m2\repository\org\eclipse\jetty\websocket\websocket-client\9.2.12.v20150709\websocket-client-9.2.12.v20150709.jar;C:\Users\general\.m2\repository\org\eclipse\jetty\jetty-util\9.2.12.v20150709\jetty-util-9.2.12.v20150709.jar;C:\Users\general\.m2\repository\org\eclipse\jetty\jetty-io\9.2.12.v20150709\jetty-io-9.2.12.v20150709.jar;C:\Users\general\.m2\repository\org\eclipse\jetty\websocket\websocket-common\9.2.12.v20150709\websocket-common-9.2.12.v20150709.jar;C:\Users\general\.m2\repository\org\eclipse\jetty\websocket\websocket-api\9.2.12.v20150709\websocket-api-9.2.12.v20150709.jar;C:\Users\general\.m2\repository\com\codeborne\phantomjsdriver\1.2.1\phantomjsdriver-1.2.1.jar;C:\Users\general\.m2\repository\io\selendroid\selendroid-client\0.17.0\selendroid-client-0.17.0.jar;C:\Users\general\.m2\repository\io\selendroid\selendroid-server-common\0.17.0\selendroid-server-common-0.17.0.jar;C:\Users\general\.m2\repository\io\netty\netty-all\4.0.21.Final\netty-all-4.0.21.Final.jar;C:\Users\general\.m2\repository\org\uiautomation\ios-client\0.6.5\ios-client-0.6.5.jar;C:\Users\general\.m2\repository\org\uiautomation\ios-common\0.6.5\ios-common-0.6.5.jar;C:\Users\general\.m2\repository\io\appium\java-client\3.2.0\java-client-3.2.0.jar;C:\Users\general\.m2\repository\cglib\cglib\3.1\cglib-3.1.jar;C:\Users\general\.m2\repository\org\ow2\asm\asm\4.2\asm-4.2.jar;C:\Users\general\.m2\repository\commons-validator\commons-validator\1.4.1\commons-validator-1.4.1.jar;C:\Users\general\.m2\repository\commons-beanutils\commons-beanutils\1.9.2\commons-beanutils-1.9.2.jar;C:\Users\general\.m2\repository\commons-digester\commons-digester\1.8.1\commons-digester-1.8.1.jar;C:\Users\general\.m2\repository\org\testng\testng\6.9.6\testng-6.9.6.jar;C:\Users\general\.m2\repository\com\google\inject\guice\4.0\guice-4.0-no_aop.jar;C:\Users\general\.m2\repository\javax\inject\javax.inject\1\javax.inject-1.jar;C:\Users\general\.m2\repository\aopalliance\aopalliance\1.0\aopalliance-1.0.jar;C:\Users\general\.m2\repository\org\beanshell\bsh\2.0b4\bsh-2.0b4.jar;C:\Users\general\.m2\repository\org\apache\ant\ant\1.7.0\ant-1.7.0.jar;C:\Users\general\.m2\repository\org\apache\ant\ant-launcher\1.7.0\ant-launcher-1.7.0.jar;C:\Users\general\.m2\repository\junit\junit\4.10\junit-4.10.jar;C:\Users\general\.m2\repository\org\hamcrest\hamcrest-core\1.1\hamcrest-core-1.1.jar;C:\Users\general\.m2\repository\org\apache\velocity\velocity\1.7\velocity-1.7.jar;C:\Users\general\.m2\repository\net\sf\uadetector\uadetector-resources\2014.10\uadetector-resources-2014.10.jar;C:\Users\general\.m2\repository\net\sf\uadetector\uadetector-core\0.9.22\uadetector-core-0.9.22.jar;C:\Users\general\.m2\repository\net\sf\qualitycheck\quality-check\1.3\quality-check-1.3.jar;C:\Users\general\.m2\repository\javax\annotation\jsr250-api\1.0\jsr250-api-1.0.jar;C:\Users\general\.m2\repository\org\slf4j\slf4j-api\1.7.7\slf4j-api-1.7.7.jar;C:\Users\general\.m2\repository\com\google\code\findbugs\jsr305\2.0.3\jsr305-2.0.3.jar;C:\Users\general\.m2\repository\com\paypal\selion\SeLion-Grid\1.0.0\SeLion-Grid-1.0.0.jar;C:\Users\general\.m2\repository\org\apache\httpcomponents\httpclient\4.5.1\httpclient-4.5.1.jar;C:\Users\general\.m2\repository\org\apache\httpcomponents\httpcore\4.4.3\httpcore-4.4.3.jar;C:\Users\general\.m2\repository\org\apache\commons\commons-exec\1.3\commons-exec-1.3.jar;C:\Users\general\.m2\repository\commons-lang\commons-lang\2.6\commons-lang-2.6.jar;C:\Users\general\.m2\repository\commons-codec\commons-codec\1.10\commons-codec-1.10.jar;C:\Users\general\.m2\repository\io\selendroid\selendroid-grid-plugin\0.17.0\selendroid-grid-plugin-0.17.0.jar;C:\Users\general\.m2\repository\io\selendroid\selendroid-common\0.17.0\selendroid-common-0.17.0.jar;C:\Users\general\.m2\repository\org\json\json\20090211\json-20090211.jar;C:\Users\general\.m2\repository\org\uiautomation\ios-grid\0.6.5\ios-grid-0.6.5.jar;C:\Users\general\.m2\repository\org\apache\commons\commons-compress\1.8.1\commons-compress-1.8.1.jar;C:\Users\general\.m2\repository\commons-fileupload\commons-fileupload\1.3.1\commons-fileupload-1.3.1.jar;C:\Users\general\.m2\repository\org\seleniumhq\selenium\selenium-server\2.48.2\selenium-server-2.48.2.jar;C:\Users\general\.m2\repository\com\beust\jcommander\1.48\jcommander-1.48.jar;C:\Users\general\.m2\repository\org\bouncycastle\bcprov-jdk15on\1.48\bcprov-jdk15on-1.48.jar;C:\Users\general\.m2\repository\org\bouncycastle\bcpkix-jdk15on\1.48\bcpkix-jdk15on-1.48.jar;C:\Users\general\.m2\repository\mx4j\mx4j-tools\3.0.1\mx4j-tools-3.0.1.jar;C:\Users\general\.m2\repository\org\seleniumhq\selenium\jetty-repacked\9.2.13.v20150730\jetty-repacked-9.2.13.v20150730.jar;C:\Users\general\.m2\repository\javax\servlet\javax.servlet-api\3.1.0\javax.servlet-api-3.1.0.jar;C:\Users\general\.m2\repository\org\seleniumhq\selenium\jetty-rc-repacked\5\jetty-rc-repacked-5.jar;C:\Users\general\.m2\repository\net\jcip\jcip-annotations\1.0\jcip-annotations-1.0.jar;C:\Users\general\.m2\repository\org\yaml\snakeyaml\1.15\snakeyaml-1.15.jar;"/>
    <property name="java.vm.specification.version" value="1.7"/>
    <property name="sun.arch.data.model" value="64"/>
    <property name="java.home" value="C:\Program Files\Java\jdk1.7.0_51\jre"/>
    <property name="sun.java.command" value="C:\Users\general\AppData\Local\Temp\surefirebooter3682803232307752243.jar C:\Users\general\AppData\Local\Temp\surefire2990761840264366455tmp C:\Users\general\AppData\Local\Temp\surefire1515577818963048830tmp"/>
    <property name="java.specification.vendor" value="Oracle Corporation"/>
    <property name="user.language" value="en"/>
    <property name="awt.toolkit" value="sun.awt.windows.WToolkit"/>
    <property name="java.vm.info" value="mixed mode"/>
    <property name="java.version" value="1.7.0_51"/>
    <property name="java.ext.dirs" value="C:\Program Files\Java\jdk1.7.0_51\jre\lib\ext;C:\WINDOWS\Sun\Java\lib\ext"/>
    <property name="sun.boot.class.path" value="C:\Program Files\Java\jdk1.7.0_51\jre\lib\resources.jar;C:\Program Files\Java\jdk1.7.0_51\jre\lib\rt.jar;C:\Program Files\Java\jdk1.7.0_51\jre\lib\sunrsasign.jar;C:\Program Files\Java\jdk1.7.0_51\jre\lib\jsse.jar;C:\Program Files\Java\jdk1.7.0_51\jre\lib\jce.jar;C:\Program Files\Java\jdk1.7.0_51\jre\lib\charsets.jar;C:\Program Files\Java\jdk1.7.0_51\jre\lib\jfr.jar;C:\Program Files\Java\jdk1.7.0_51\jre\classes"/>
    <property name="java.vendor" value="Oracle Corporation"/>
    <property name="localRepository" value="C:\Users\general\.m2\repository"/>
    <property name="file.separator" value="\"/>
    <property name="java.vendor.url.bug" value="http://bugreport.sun.com/bugreport/"/>
    <property name="sun.cpu.endian" value="little"/>
    <property name="sun.io.unicode.encoding" value="UnicodeLittle"/>
    <property name="sun.desktop" value="windows"/>
    <property name="sun.cpu.isalist" value="amd64"/>
  </properties>
  <testcase time="0.104" classname="com.mycompany.myselion.sample.selion.DataDrivenWithCustomTypesTest" name="testExcelDataValues"/>
  <testcase time="0.013" classname="com.mycompany.myselion.sample.selion.DataDrivenWithCustomTypesTest" name="testExcelDataValues"/>
  <testcase time="0.013" classname="com.mycompany.myselion.sample.selion.DataDrivenWithCustomTypesTest" name="testExcelDataValues"/>
  <testcase time="0.011" classname="com.mycompany.myselion.sample.selion.SimpleDataDrivenTest" name="testExcelDataValues"/>
  <testcase time="0.01" classname="com.mycompany.myselion.sample.selion.SimpleDataDrivenTest" name="testExcelDataValues"/>
  <testcase time="0.01" classname="com.mycompany.myselion.sample.selion.SimpleDataDrivenTest" name="testExcelDataValues"/>
  <testcase time="0.038" classname="com.mycompany.myselion.sample.selion.SimpleDataDrivenWithSelectiveRowsTest" name="testExcelDataValues"/>
  <testcase time="0.023" classname="com.mycompany.myselion.sample.selion.SimpleDataDrivenWithSelectiveRowsTest" name="testExcelDataValues"/>
  <testcase time="0.018" classname="com.mycompany.myselion.sample.selion.SimpleDataDrivenWithSelectiveRowsTest" name="testHowManyRowsWereRead"/>
  <testcase time="0.055" classname="com.mycompany.myselion.sample.selion.SoftAssertionsTest" name="simpleTestMethod">
    <failure message="Multiple (3) soft assertion failures occurred [
	1. AssertionError: Ensuring that falsy values are always falsy expected [false] but found [true]
		at org.testng.Assert.fail(Assert.java:94)
		at org.testng.Assert.failNotEquals(Assert.java:496)
		at org.testng.Assert.assertFalse(Assert.java:63)
		at org.testng.asserts.Assertion$3.doAssert(Assertion.java:130)
		at com.paypal.selion.platform.asserts.SeLionSoftAssert.executeAssert(SeLionSoftAssert.java:100)
		at com.paypal.selion.platform.asserts.SeLionSoftAssert.doAssert(SeLionSoftAssert.java:45)
		at org.testng.asserts.Assertion.assertFalse(Assertion.java:127)
		at com.paypal.selion.platform.asserts.SeLionAsserts.verifyFalse(SeLionAsserts.java:224)
		at com.mycompany.myselion.sample.selion.SoftAssertionsTest.simpleTestMethod(SoftAssertionsTest.java:36)
	2. AssertionError: Ensuring that the author of this test was Krishnan expected [Krishnan] but found [null]
		at org.testng.Assert.fail(Assert.java:94)
		at org.testng.Assert.failNotEquals(Assert.java:496)
		at org.testng.Assert.assertEquals(Assert.java:116)
		at org.testng.asserts.Assertion$8.doAssert(Assertion.java:175)
		at com.paypal.selion.platform.asserts.SeLionSoftAssert.executeAssert(SeLionSoftAssert.java:100)
		at com.paypal.selion.platform.asserts.SeLionSoftAssert.doAssert(SeLionSoftAssert.java:45)
		at org.testng.asserts.Assertion.assertEquals(Assertion.java:172)
		at com.paypal.selion.platform.asserts.SeLionAsserts.verifyEquals(SeLionAsserts.java:258)
		at com.mycompany.myselion.sample.selion.SoftAssertionsTest.simpleTestMethod(SoftAssertionsTest.java:37)
	3. AssertionError: Ensuring that Null values stay that way expected [null] but found [Rambo]
		at org.testng.Assert.fail(Assert.java:94)
		at org.testng.Assert.failNotSame(Assert.java:492)
		at org.testng.Assert.assertNull(Assert.java:428)
		at org.testng.asserts.Assertion$31.doAssert(Assertion.java:383)
		at com.paypal.selion.platform.asserts.SeLionSoftAssert.executeAssert(SeLionSoftAssert.java:100)
		at com.paypal.selion.platform.asserts.SeLionSoftAssert.doAssert(SeLionSoftAssert.java:45)
		at org.testng.asserts.Assertion.assertNull(Assertion.java:380)
		at com.paypal.selion.platform.asserts.SeLionAsserts.verifyNull(SeLionAsserts.java:338)
		at com.mycompany.myselion.sample.selion.SoftAssertionsTest.simpleTestMethod(SoftAssertionsTest.java:38)
	]" type="java.lang.AssertionError">java.lang.AssertionError: Multiple (3) soft assertion failures occurred [
	1. AssertionError: Ensuring that falsy values are always falsy expected [false] but found [true]
		at org.testng.Assert.fail(Assert.java:94)
		at org.testng.Assert.failNotEquals(Assert.java:496)
		at org.testng.Assert.assertFalse(Assert.java:63)
		at org.testng.asserts.Assertion$3.doAssert(Assertion.java:130)
		at com.paypal.selion.platform.asserts.SeLionSoftAssert.executeAssert(SeLionSoftAssert.java:100)
		at com.paypal.selion.platform.asserts.SeLionSoftAssert.doAssert(SeLionSoftAssert.java:45)
		at org.testng.asserts.Assertion.assertFalse(Assertion.java:127)
		at com.paypal.selion.platform.asserts.SeLionAsserts.verifyFalse(SeLionAsserts.java:224)
		at com.mycompany.myselion.sample.selion.SoftAssertionsTest.simpleTestMethod(SoftAssertionsTest.java:36)
	2. AssertionError: Ensuring that the author of this test was Krishnan expected [Krishnan] but found [null]
		at org.testng.Assert.fail(Assert.java:94)
		at org.testng.Assert.failNotEquals(Assert.java:496)
		at org.testng.Assert.assertEquals(Assert.java:116)
		at org.testng.asserts.Assertion$8.doAssert(Assertion.java:175)
		at com.paypal.selion.platform.asserts.SeLionSoftAssert.executeAssert(SeLionSoftAssert.java:100)
		at com.paypal.selion.platform.asserts.SeLionSoftAssert.doAssert(SeLionSoftAssert.java:45)
		at org.testng.asserts.Assertion.assertEquals(Assertion.java:172)
		at com.paypal.selion.platform.asserts.SeLionAsserts.verifyEquals(SeLionAsserts.java:258)
		at com.mycompany.myselion.sample.selion.SoftAssertionsTest.simpleTestMethod(SoftAssertionsTest.java:37)
	3. AssertionError: Ensuring that Null values stay that way expected [null] but found [Rambo]
		at org.testng.Assert.fail(Assert.java:94)
		at org.testng.Assert.failNotSame(Assert.java:492)
		at org.testng.Assert.assertNull(Assert.java:428)
		at org.testng.asserts.Assertion$31.doAssert(Assertion.java:383)
		at com.paypal.selion.platform.asserts.SeLionSoftAssert.executeAssert(SeLionSoftAssert.java:100)
		at com.paypal.selion.platform.asserts.SeLionSoftAssert.doAssert(SeLionSoftAssert.java:45)
		at org.testng.asserts.Assertion.assertNull(Assertion.java:380)
		at com.paypal.selion.platform.asserts.SeLionAsserts.verifyNull(SeLionAsserts.java:338)
		at com.mycompany.myselion.sample.selion.SoftAssertionsTest.simpleTestMethod(SoftAssertionsTest.java:38)
</failure>
    <system-out>Soft Assert [Ensuring that falsy values are always falsy] failed in simpleTestMethod()
java.lang.AssertionError: Ensuring that falsy values are always falsy expected [false] but found [true]
	at org.testng.Assert.fail(Assert.java:94)
	at org.testng.Assert.failNotEquals(Assert.java:496)
	at org.testng.Assert.assertFalse(Assert.java:63)
	at org.testng.asserts.Assertion$3.doAssert(Assertion.java:130)
	at com.paypal.selion.platform.asserts.SeLionSoftAssert.executeAssert(SeLionSoftAssert.java:100)
	at com.paypal.selion.platform.asserts.SeLionSoftAssert.doAssert(SeLionSoftAssert.java:45)
	at org.testng.asserts.Assertion.assertFalse(Assertion.java:127)
	at com.paypal.selion.platform.asserts.SeLionAsserts.verifyFalse(SeLionAsserts.java:224)
	at com.mycompany.myselion.sample.selion.SoftAssertionsTest.simpleTestMethod(SoftAssertionsTest.java:36)
	at sun.reflect.NativeMethodAccessorImpl.invoke0(Native Method)
	at sun.reflect.NativeMethodAccessorImpl.invoke(NativeMethodAccessorImpl.java:57)
	at sun.reflect.DelegatingMethodAccessorImpl.invoke(DelegatingMethodAccessorImpl.java:43)
	at java.lang.reflect.Method.invoke(Method.java:606)
	at org.testng.internal.MethodInvocationHelper.invokeMethod(MethodInvocationHelper.java:85)
	at org.testng.internal.Invoker.invokeMethod(Invoker.java:639)
	at org.testng.internal.Invoker.invokeTestMethod(Invoker.java:821)
	at org.testng.internal.Invoker.invokeTestMethods(Invoker.java:1131)
	at org.testng.internal.TestMethodWorker.invokeTestMethods(TestMethodWorker.java:124)
	at org.testng.internal.TestMethodWorker.run(TestMethodWorker.java:108)
	at org.testng.TestRunner.privateRun(TestRunner.java:773)
	at org.testng.TestRunner.run(TestRunner.java:623)
	at org.testng.SuiteRunner.runTest(SuiteRunner.java:357)
	at org.testng.SuiteRunner.runSequentially(SuiteRunner.java:352)
	at org.testng.SuiteRunner.privateRun(SuiteRunner.java:310)
	at org.testng.SuiteRunner.run(SuiteRunner.java:259)
	at org.testng.SuiteRunnerWorker.runSuite(SuiteRunnerWorker.java:52)
	at org.testng.SuiteRunnerWorker.run(SuiteRunnerWorker.java:86)
	at org.testng.TestNG.runSuitesSequentially(TestNG.java:1185)
	at org.testng.TestNG.runSuitesLocally(TestNG.java:1110)
	at org.testng.TestNG.run(TestNG.java:1018)
	at org.apache.maven.surefire.testng.TestNGExecutor.run(TestNGExecutor.java:73)
	at org.apache.maven.surefire.testng.TestNGXmlTestSuite.execute(TestNGXmlTestSuite.java:94)
	at org.apache.maven.surefire.Surefire.run(Surefire.java:169)
	at sun.reflect.NativeMethodAccessorImpl.invoke0(Native Method)
	at sun.reflect.NativeMethodAccessorImpl.invoke(NativeMethodAccessorImpl.java:57)
	at sun.reflect.DelegatingMethodAccessorImpl.invoke(DelegatingMethodAccessorImpl.java:43)
	at java.lang.reflect.Method.invoke(Method.java:606)
	at org.apache.maven.surefire.booter.SurefireBooter.runSuitesInProcess(SurefireBooter.java:350)
	at org.apache.maven.surefire.booter.SurefireBooter.main(SurefireBooter.java:1021)

Soft Assert [Ensuring that the author of this test was Krishnan] failed in simpleTestMethod()
java.lang.AssertionError: Ensuring that the author of this test was Krishnan expected [Krishnan] but found [null]
	at org.testng.Assert.fail(Assert.java:94)
	at org.testng.Assert.failNotEquals(Assert.java:496)
	at org.testng.Assert.assertEquals(Assert.java:116)
	at org.testng.asserts.Assertion$8.doAssert(Assertion.java:175)
	at com.paypal.selion.platform.asserts.SeLionSoftAssert.executeAssert(SeLionSoftAssert.java:100)
	at com.paypal.selion.platform.asserts.SeLionSoftAssert.doAssert(SeLionSoftAssert.java:45)
	at org.testng.asserts.Assertion.assertEquals(Assertion.java:172)
	at com.paypal.selion.platform.asserts.SeLionAsserts.verifyEquals(SeLionAsserts.java:258)
	at com.mycompany.myselion.sample.selion.SoftAssertionsTest.simpleTestMethod(SoftAssertionsTest.java:37)
	at sun.reflect.NativeMethodAccessorImpl.invoke0(Native Method)
	at sun.reflect.NativeMethodAccessorImpl.invoke(NativeMethodAccessorImpl.java:57)
	at sun.reflect.DelegatingMethodAccessorImpl.invoke(DelegatingMethodAccessorImpl.java:43)
	at java.lang.reflect.Method.invoke(Method.java:606)
	at org.testng.internal.MethodInvocationHelper.invokeMethod(MethodInvocationHelper.java:85)
	at org.testng.internal.Invoker.invokeMethod(Invoker.java:639)
	at org.testng.internal.Invoker.invokeTestMethod(Invoker.java:821)
	at org.testng.internal.Invoker.invokeTestMethods(Invoker.java:1131)
	at org.testng.internal.TestMethodWorker.invokeTestMethods(TestMethodWorker.java:124)
	at org.testng.internal.TestMethodWorker.run(TestMethodWorker.java:108)
	at org.testng.TestRunner.privateRun(TestRunner.java:773)
	at org.testng.TestRunner.run(TestRunner.java:623)
	at org.testng.SuiteRunner.runTest(SuiteRunner.java:357)
	at org.testng.SuiteRunner.runSequentially(SuiteRunner.java:352)
	at org.testng.SuiteRunner.privateRun(SuiteRunner.java:310)
	at org.testng.SuiteRunner.run(SuiteRunner.java:259)
	at org.testng.SuiteRunnerWorker.runSuite(SuiteRunnerWorker.java:52)
	at org.testng.SuiteRunnerWorker.run(SuiteRunnerWorker.java:86)
	at org.testng.TestNG.runSuitesSequentially(TestNG.java:1185)
	at org.testng.TestNG.runSuitesLocally(TestNG.java:1110)
	at org.testng.TestNG.run(TestNG.java:1018)
	at org.apache.maven.surefire.testng.TestNGExecutor.run(TestNGExecutor.java:73)
	at org.apache.maven.surefire.testng.TestNGXmlTestSuite.execute(TestNGXmlTestSuite.java:94)
	at org.apache.maven.surefire.Surefire.run(Surefire.java:169)
	at sun.reflect.NativeMethodAccessorImpl.invoke0(Native Method)
	at sun.reflect.NativeMethodAccessorImpl.invoke(NativeMethodAccessorImpl.java:57)
	at sun.reflect.DelegatingMethodAccessorImpl.invoke(DelegatingMethodAccessorImpl.java:43)
	at java.lang.reflect.Method.invoke(Method.java:606)
	at org.apache.maven.surefire.booter.SurefireBooter.runSuitesInProcess(SurefireBooter.java:350)
	at org.apache.maven.surefire.booter.SurefireBooter.main(SurefireBooter.java:1021)

Soft Assert [Ensuring that Null values stay that way] failed in simpleTestMethod()
java.lang.AssertionError: Ensuring that Null values stay that way expected [null] but found [Rambo]
	at org.testng.Assert.fail(Assert.java:94)
	at org.testng.Assert.failNotSame(Assert.java:492)
	at org.testng.Assert.assertNull(Assert.java:428)
	at org.testng.asserts.Assertion$31.doAssert(Assertion.java:383)
	at com.paypal.selion.platform.asserts.SeLionSoftAssert.executeAssert(SeLionSoftAssert.java:100)
	at com.paypal.selion.platform.asserts.SeLionSoftAssert.doAssert(SeLionSoftAssert.java:45)
	at org.testng.asserts.Assertion.assertNull(Assertion.java:380)
	at com.paypal.selion.platform.asserts.SeLionAsserts.verifyNull(SeLionAsserts.java:338)
	at com.mycompany.myselion.sample.selion.SoftAssertionsTest.simpleTestMethod(SoftAssertionsTest.java:38)
	at sun.reflect.NativeMethodAccessorImpl.invoke0(Native Method)
	at sun.reflect.NativeMethodAccessorImpl.invoke(NativeMethodAccessorImpl.java:57)
	at sun.reflect.DelegatingMethodAccessorImpl.invoke(DelegatingMethodAccessorImpl.java:43)
	at java.lang.reflect.Method.invoke(Method.java:606)
	at org.testng.internal.MethodInvocationHelper.invokeMethod(MethodInvocationHelper.java:85)
	at org.testng.internal.Invoker.invokeMethod(Invoker.java:639)
	at org.testng.internal.Invoker.invokeTestMethod(Invoker.java:821)
	at org.testng.internal.Invoker.invokeTestMethods(Invoker.java:1131)
	at org.testng.internal.TestMethodWorker.invokeTestMethods(TestMethodWorker.java:124)
	at org.testng.internal.TestMethodWorker.run(TestMethodWorker.java:108)
	at org.testng.TestRunner.privateRun(TestRunner.java:773)
	at org.testng.TestRunner.run(TestRunner.java:623)
	at org.testng.SuiteRunner.runTest(SuiteRunner.java:357)
	at org.testng.SuiteRunner.runSequentially(SuiteRunner.java:352)
	at org.testng.SuiteRunner.privateRun(SuiteRunner.java:310)
	at org.testng.SuiteRunner.run(SuiteRunner.java:259)
	at org.testng.SuiteRunnerWorker.runSuite(SuiteRunnerWorker.java:52)
	at org.testng.SuiteRunnerWorker.run(SuiteRunnerWorker.java:86)
	at org.testng.TestNG.runSuitesSequentially(TestNG.java:1185)
	at org.testng.TestNG.runSuitesLocally(TestNG.java:1110)
	at org.testng.TestNG.run(TestNG.java:1018)
	at org.apache.maven.surefire.testng.TestNGExecutor.run(TestNGExecutor.java:73)
	at org.apache.maven.surefire.testng.TestNGXmlTestSuite.execute(TestNGXmlTestSuite.java:94)
	at org.apache.maven.surefire.Surefire.run(Surefire.java:169)
	at sun.reflect.NativeMethodAccessorImpl.invoke0(Native Method)
	at sun.reflect.NativeMethodAccessorImpl.invoke(NativeMethodAccessorImpl.java:57)
	at sun.reflect.DelegatingMethodAccessorImpl.invoke(DelegatingMethodAccessorImpl.java:43)
	at java.lang.reflect.Method.invoke(Method.java:606)
	at org.apache.maven.surefire.booter.SurefireBooter.runSuitesInProcess(SurefireBooter.java:350)
	at org.apache.maven.surefire.booter.SurefireBooter.main(SurefireBooter.java:1021)

</system-out>
  </testcase>
  <testcase time="0.143" classname="com.mycompany.myselion.sample.selion.YamlPoweredDataDrivenTest" name="howToGetAllDataAsHashtable"/>
  <testcase time="0.035" classname="com.mycompany.myselion.sample.selion.YamlPoweredDataDrivenTest" name="howToGetAllDataFromDocuments"/>
  <testcase time="0.03" classname="com.mycompany.myselion.sample.selion.YamlPoweredDataDrivenTest" name="howToGetAllDataFromList"/>
  <testcase time="0.028" classname="com.mycompany.myselion.sample.selion.YamlPoweredDataDrivenTest" name="howToGetAllDataFromMap"/>
  <testcase time="0.017" classname="com.mycompany.myselion.sample.selion.YamlPoweredDataDrivenTest" name="howToGetAllDataFromStringList"/>
  <testcase time="0.028" classname="com.mycompany.myselion.sample.selion.YamlPoweredDataDrivenTest" name="howToGetAllDataFromTaggedList"/>
  <testcase time="0.03" classname="com.mycompany.myselion.sample.selion.YamlPoweredDataDrivenTest" name="howToGetDataByARangeOfIndexes"/>
  <testcase time="0.017" classname="com.mycompany.myselion.sample.selion.YamlPoweredDataDrivenTest" name="howToGetDataByASingleIndex"/>
  <testcase time="0.015" classname="com.mycompany.myselion.sample.selion.YamlPoweredDataDrivenTest" name="howToGetDataByASingleKey"/>
  <testcase time="0.027" classname="com.mycompany.myselion.sample.selion.YamlPoweredDataDrivenTest" name="howToGetDataByIndividualAndRangeOfIndexes"/>
  <testcase time="0.027" classname="com.mycompany.myselion.sample.selion.YamlPoweredDataDrivenTest" name="howToGetDataByMultipleIndexes"/>
  <testcase time="0.021" classname="com.mycompany.myselion.sample.selion.YamlPoweredDataDrivenTest" name="howToGetDataByMultipleKeys"/>
  <testcase time="0.006" classname="com.mycompany.myselion.sample.selion.YamlPoweredDataDrivenTest" name="testDataProviderGetAssociativeArray"/>
  <testcase time="0.007" classname="com.mycompany.myselion.sample.selion.YamlPoweredDataDrivenTest" name="testDataProviderGetAssociativeArray"/>
  <testcase time="0.007" classname="com.mycompany.myselion.sample.selion.YamlPoweredDataDrivenTest" name="testDataProviderGetAssociativeArrayOfArrays"/>
  <testcase time="0.007" classname="com.mycompany.myselion.sample.selion.YamlPoweredDataDrivenTest" name="testDataProviderGetAssociativeArrayOfArrays"/>
  <testcase time="0.006" classname="com.mycompany.myselion.sample.selion.YamlPoweredDataDrivenTest" name="testDataProviderGetAssociativeArrayOfLists"/>
  <testcase time="0.008" classname="com.mycompany.myselion.sample.selion.YamlPoweredDataDrivenTest" name="testDataProviderGetAssociativeArrayOfLists"/>
  <testcase time="0.007" classname="com.mycompany.myselion.sample.selion.YamlPoweredDataDrivenTest" name="testDataProviderGetAssociativeArrayOfUsers"/>
  <testcase time="0.009" classname="com.mycompany.myselion.sample.selion.YamlPoweredDataDrivenTest" name="testDataProviderGetAssociativeArrayOfUsers"/>
  <testcase time="0.005" classname="com.mycompany.myselion.sample.selion.YamlPoweredDataDrivenTest" name="testDataProviderGetAssociativeArrayOfUsers"/>
  <testcase time="0.005" classname="com.mycompany.myselion.sample.selion.YamlPoweredDataDrivenTest" name="testDataProviderGetAssociativeArrayOfUsers"/>
  <testcase time="0.006" classname="com.mycompany.myselion.sample.selion.YamlPoweredDataDrivenTest" name="testDataProviderGetAssociativeArrayOfUsers"/>
  <testcase time="0.005" classname="com.mycompany.myselion.sample.selion.YamlPoweredDataDrivenTest" name="testDataProviderGetDataByIndex"/>
  <testcase time="0.005" classname="com.mycompany.myselion.sample.selion.YamlPoweredDataDrivenTest" name="testDataProviderGetDataByIndex"/>
  <testcase time="0.004" classname="com.mycompany.myselion.sample.selion.YamlPoweredDataDrivenTest" name="testDataProviderGetDataByIndex"/>
  <testcase time="0.004" classname="com.mycompany.myselion.sample.selion.YamlPoweredDataDrivenTest" name="testDataProviderGetDataByIndex"/>
  <testcase time="0.006" classname="com.mycompany.myselion.sample.selion.YamlPoweredDataDrivenTest" name="testDataProviderGetDataByIndex"/>
  <testcase time="0.004" classname="com.mycompany.myselion.sample.selion.YamlPoweredDataDrivenTest" name="testDataProviderGetDataByIndex"/>
  <testcase time="0.006" classname="com.mycompany.myselion.sample.selion.YamlPoweredDataDrivenTest" name="testDataProviderGetDataByKeys"/>
  <testcase time="0.007" classname="com.mycompany.myselion.sample.selion.YamlPoweredDataDrivenTest" name="testDataProviderGetDataByKeys"/>
  <testcase time="0.004" classname="com.mycompany.myselion.sample.selion.YamlPoweredDataDrivenTest" name="testDataProviderGetDataByKeys"/>
  <testcase time="0.007" classname="com.mycompany.myselion.sample.selion.YamlPoweredDataDrivenTest" name="testDataProviderGetDataByKeys"/>
  <testcase time="0.005" classname="com.mycompany.myselion.sample.selion.YamlPoweredDataDrivenTest" name="testDataProviderGetDocumentSeparatedLists"/>
  <testcase time="0.005" classname="com.mycompany.myselion.sample.selion.YamlPoweredDataDrivenTest" name="testDataProviderGetDocumentSeparatedLists"/>
  <testcase time="0.005" classname="com.mycompany.myselion.sample.selion.YamlPoweredDataDrivenTest" name="testDataProviderGetDocumentSeparatedLists"/>
  <testcase time="0.004" classname="com.mycompany.myselion.sample.selion.YamlPoweredDataDrivenTest" name="testDataProviderGetDocumentSeparatedLists"/>
  <testcase time="0.004" classname="com.mycompany.myselion.sample.selion.YamlPoweredDataDrivenTest" name="testDataProviderGetDocumentSeparatedUsers"/>
  <testcase time="0.005" classname="com.mycompany.myselion.sample.selion.YamlPoweredDataDrivenTest" name="testDataProviderGetDocumentSeparatedUsers"/>
  <testcase time="0.005" classname="com.mycompany.myselion.sample.selion.YamlPoweredDataDrivenTest" name="testDataProviderGetDocumentSeparatedUsers"/>
  <testcase time="0.004" classname="com.mycompany.myselion.sample.selion.YamlPoweredDataDrivenTest" name="testDataProviderGetDocumentSeparatedUsers"/>
  <testcase time="0.014" classname="com.mycompany.myselion.sample.selion.YamlPoweredDataDrivenTest" name="testDataProviderGetDocumentSeparatedUsers"/>
  <testcase time="0.005" classname="com.mycompany.myselion.sample.selion.YamlPoweredDataDrivenTest" name="testDataProviderGetDocumentSeparatedUsers"/>
  <testcase time="0.003" classname="com.mycompany.myselion.sample.selion.YamlPoweredDataDrivenTest" name="testDataProviderGetList"/>
  <testcase time="0.003" classname="com.mycompany.myselion.sample.selion.YamlPoweredDataDrivenTest" name="testDataProviderGetList"/>
  <testcase time="0.004" classname="com.mycompany.myselion.sample.selion.YamlPoweredDataDrivenTest" name="testDataProviderGetList"/>
  <testcase time="0.005" classname="com.mycompany.myselion.sample.selion.YamlPoweredDataDrivenTest" name="testDataProviderGetListOfAssociativeArrays"/>
  <testcase time="0.004" classname="com.mycompany.myselion.sample.selion.YamlPoweredDataDrivenTest" name="testDataProviderGetListOfAssociativeArrays"/>
  <testcase time="0.005" classname="com.mycompany.myselion.sample.selion.YamlPoweredDataDrivenTest" name="testDataProviderGetListOfAssociativeArrays"/>
  <testcase time="0.004" classname="com.mycompany.myselion.sample.selion.YamlPoweredDataDrivenTest" name="testDataProviderGetListOfAssociativeArrays"/>
  <testcase time="0.005" classname="com.mycompany.myselion.sample.selion.YamlPoweredDataDrivenTest" name="testDataProviderGetListOfAssociativeArrays"/>
  <testcase time="0.004" classname="com.mycompany.myselion.sample.selion.YamlPoweredDataDrivenTest" name="testDataProviderGetListOfAssociativeArrays"/>
  <testcase time="0.003" classname="com.mycompany.myselion.sample.selion.YamlPoweredDataDrivenTest" name="testDataProviderGetListOfLists"/>
  <testcase time="0.005" classname="com.mycompany.myselion.sample.selion.YamlPoweredDataDrivenTest" name="testDataProviderGetListOfLists"/>
  <testcase time="0.004" classname="com.mycompany.myselion.sample.selion.YamlPoweredDataDrivenTest" name="testDataProviderGetListOfUsers"/>
  <testcase time="0.004" classname="com.mycompany.myselion.sample.selion.YamlPoweredDataDrivenTest" name="testDataProviderGetListOfUsers"/>
  <testcase time="0.004" classname="com.mycompany.myselion.sample.selion.YamlPoweredDataDrivenTest" name="testDataProviderGetListOfUsers"/>
  <testcase time="0.004" classname="com.mycompany.myselion.sample.selion.YamlPoweredDataDrivenTest" name="testDataProviderGetListOfUsers"/>
  <testcase time="0.004" classname="com.mycompany.myselion.sample.selion.YamlPoweredDataDrivenTest" name="testDataProviderGetListOfUsers"/>
  <testcase time="0.004" classname="com.mycompany.myselion.sample.selion.YamlPoweredDataDrivenTest" name="testDataProviderGetListOfUsers"/>
  <testcase time="0.005" classname="com.mycompany.myselion.sample.selion.YamlPoweredDataDrivenTest" name="testDataProviderGetMultipleArguments"/>
  <testcase time="0.004" classname="com.mycompany.myselion.sample.selion.YamlPoweredDataDrivenTest" name="testDataProviderGetMultipleArguments"/>
  <testcase time="0.004" classname="com.mycompany.myselion.sample.selion.YamlPoweredDataDrivenTest" name="testDataProviderGetMultipleArguments"/>
  <testcase time="0.004" classname="com.mycompany.myselion.sample.selion.YamlPoweredDataDrivenTest" name="testDataProviderGetMultipleArguments"/>
  <testcase time="0.004" classname="com.mycompany.myselion.sample.selion.YamlPoweredDataDrivenTest" name="testDataProviderGetMultipleArguments"/>
  <testcase time="0.004" classname="com.mycompany.myselion.sample.selion.YamlPoweredDataDrivenTest" name="testDataProviderGetMultipleArguments"/>
  <testcase time="0.004" classname="com.mycompany.myselion.sample.selion.YamlPoweredDataDrivenTest" name="testDataProviderGetStringList"/>
  <testcase time="0.005" classname="com.mycompany.myselion.sample.selion.YamlPoweredDataDrivenTest" name="testDataProviderGetStringList"/>
  <testcase time="0.003" classname="com.mycompany.myselion.sample.selion.YamlPoweredDataDrivenTest" name="testDataProviderGetStringList"/>
</testsuite>