<?xml version="1.0" encoding="UTF-8"?>
<!-- Generated by org.testng.reporters.JUnitXMLReporter -->
<testsuite hostname="L-SHC-00802871" name="DemoNonUITests" tests="79" failures="1" timestamp="29 Apr 2016 06:35:19 GMT" time="1.664" errors="0">
  <testcase name="testExcelDataValues" time="0.101" classname="com.mycompany.myselion.sample.selion.DataDrivenWithCustomTypesTest"/>
  <testcase name="testExcelDataValues" time="0.009" classname="com.mycompany.myselion.sample.selion.DataDrivenWithCustomTypesTest"/>
  <testcase name="testExcelDataValues" time="0.009" classname="com.mycompany.myselion.sample.selion.DataDrivenWithCustomTypesTest"/>
  <testcase name="testExcelDataValues" time="0.008" classname="com.mycompany.myselion.sample.selion.SimpleDataDrivenTest"/>
  <testcase name="testExcelDataValues" time="0.007" classname="com.mycompany.myselion.sample.selion.SimpleDataDrivenTest"/>
  <testcase name="testExcelDataValues" time="0.007" classname="com.mycompany.myselion.sample.selion.SimpleDataDrivenTest"/>
  <testcase name="testExcelDataValues" time="0.01" classname="com.mycompany.myselion.sample.selion.SimpleDataDrivenWithSelectiveRowsTest"/>
  <testcase name="testExcelDataValues" time="0.016" classname="com.mycompany.myselion.sample.selion.SimpleDataDrivenWithSelectiveRowsTest"/>
  <testcase name="testHowManyRowsWereRead" time="0.013" classname="com.mycompany.myselion.sample.selion.SimpleDataDrivenWithSelectiveRowsTest"/>
  <testcase name="simpleTestMethod" time="0.034" classname="com.mycompany.myselion.sample.selion.SoftAssertionsTest">
    <failure type="java.lang.AssertionError" message="Multiple (3) soft assertion failures occurred [
	1. AssertionError: Ensuring that falsy values are always falsy expected [false] but found [true]
		at org.testng.Assert.fail(Assert.java:94)
		at org.testng.Assert.failNotEquals(Assert.java:496)
		at org.testng.Assert.assertFalse(Assert.java:63)
		at org.testng.asserts.Assertion$3.doAssert(Assertion.java:130)
		at com.paypal.selion.platform.asserts.SeLionSoftAssert.executeAssert(SeLionSoftAssert.java:100)
		at com.paypal.selion.platform.asserts.SeLionSoftAssert.doAssert(SeLionSoftAssert.java:45)
		at org.testng.asserts.Assertion.assertFalse(Assertion.java:127)
		at com.paypal.selion.platform.asserts.SeLionAsserts.verifyFalse(SeLionAsserts.java:224)
		at com.mycompany.myselion.sample.selion.SoftAssertionsTest.simpleTestMethod(SoftAssertionsTest.java:36)
	2. AssertionError: Ensuring that the author of this test was Krishnan expected [Krishnan] but found [null]
		at org.testng.Assert.fail(Assert.java:94)
		at org.testng.Assert.failNotEquals(Assert.java:496)
		at org.testng.Assert.assertEquals(Assert.java:116)
		at org.testng.asserts.Assertion$8.doAssert(Assertion.java:175)
		at com.paypal.selion.platform.asserts.SeLionSoftAssert.executeAssert(SeLionSoftAssert.java:100)
		at com.paypal.selion.platform.asserts.SeLionSoftAssert.doAssert(SeLionSoftAssert.java:45)
		at org.testng.asserts.Assertion.assertEquals(Assertion.java:172)
		at com.paypal.selion.platform.asserts.SeLionAsserts.verifyEquals(SeLionAsserts.java:258)
		at com.mycompany.myselion.sample.selion.SoftAssertionsTest.simpleTestMethod(SoftAssertionsTest.java:37)
	3. AssertionError: Ensuring that Null values stay that way expected [null] but found [Rambo]
		at org.testng.Assert.fail(Assert.java:94)
		at org.testng.Assert.failNotSame(Assert.java:492)
		at org.testng.Assert.assertNull(Assert.java:428)
		at org.testng.asserts.Assertion$31.doAssert(Assertion.java:383)
		at com.paypal.selion.platform.asserts.SeLionSoftAssert.executeAssert(SeLionSoftAssert.java:100)
		at com.paypal.selion.platform.asserts.SeLionSoftAssert.doAssert(SeLionSoftAssert.java:45)
		at org.testng.asserts.Assertion.assertNull(Assertion.java:380)
		at com.paypal.selion.platform.asserts.SeLionAsserts.verifyNull(SeLionAsserts.java:338)
		at com.mycompany.myselion.sample.selion.SoftAssertionsTest.simpleTestMethod(SoftAssertionsTest.java:38)
	]">
      <![CDATA[java.lang.AssertionError: Multiple (3) soft assertion failures occurred [
	1. AssertionError: Ensuring that falsy values are always falsy expected [false] but found [true]
		at org.testng.Assert.fail(Assert.java:94)
		at org.testng.Assert.failNotEquals(Assert.java:496)
		at org.testng.Assert.assertFalse(Assert.java:63)
		at org.testng.asserts.Assertion$3.doAssert(Assertion.java:130)
		at com.paypal.selion.platform.asserts.SeLionSoftAssert.executeAssert(SeLionSoftAssert.java:100)
		at com.paypal.selion.platform.asserts.SeLionSoftAssert.doAssert(SeLionSoftAssert.java:45)
		at org.testng.asserts.Assertion.assertFalse(Assertion.java:127)
		at com.paypal.selion.platform.asserts.SeLionAsserts.verifyFalse(SeLionAsserts.java:224)
		at com.mycompany.myselion.sample.selion.SoftAssertionsTest.simpleTestMethod(SoftAssertionsTest.java:36)
	2. AssertionError: Ensuring that the author of this test was Krishnan expected [Krishnan] but found [null]
		at org.testng.Assert.fail(Assert.java:94)
		at org.testng.Assert.failNotEquals(Assert.java:496)
		at org.testng.Assert.assertEquals(Assert.java:116)
		at org.testng.asserts.Assertion$8.doAssert(Assertion.java:175)
		at com.paypal.selion.platform.asserts.SeLionSoftAssert.executeAssert(SeLionSoftAssert.java:100)
		at com.paypal.selion.platform.asserts.SeLionSoftAssert.doAssert(SeLionSoftAssert.java:45)
		at org.testng.asserts.Assertion.assertEquals(Assertion.java:172)
		at com.paypal.selion.platform.asserts.SeLionAsserts.verifyEquals(SeLionAsserts.java:258)
		at com.mycompany.myselion.sample.selion.SoftAssertionsTest.simpleTestMethod(SoftAssertionsTest.java:37)
	3. AssertionError: Ensuring that Null values stay that way expected [null] but found [Rambo]
		at org.testng.Assert.fail(Assert.java:94)
		at org.testng.Assert.failNotSame(Assert.java:492)
		at org.testng.Assert.assertNull(Assert.java:428)
		at org.testng.asserts.Assertion$31.doAssert(Assertion.java:383)
		at com.paypal.selion.platform.asserts.SeLionSoftAssert.executeAssert(SeLionSoftAssert.java:100)
		at com.paypal.selion.platform.asserts.SeLionSoftAssert.doAssert(SeLionSoftAssert.java:45)
		at org.testng.asserts.Assertion.assertNull(Assertion.java:380)
		at com.paypal.selion.platform.asserts.SeLionAsserts.verifyNull(SeLionAsserts.java:338)
		at com.mycompany.myselion.sample.selion.SoftAssertionsTest.simpleTestMethod(SoftAssertionsTest.java:38)
	]
	at com.paypal.selion.platform.asserts.SeLionSoftAssert.assertAll(SeLionSoftAssert.java:145)
	at com.paypal.selion.internal.platform.asserts.SeLionAssertsListener.afterInvocation(SeLionAssertsListener.java:77)
	at org.testng.internal.invokers.InvokedMethodListenerInvoker$InvokeAfterInvocationWithoutContextStrategy.callMethod(InvokedMethodListenerInvoker.java:100)
	at org.testng.internal.invokers.InvokedMethodListenerInvoker.invokeListener(InvokedMethodListenerInvoker.java:62)
	at org.testng.internal.Invoker.runInvokedMethodListeners(Invoker.java:552)
	at org.testng.internal.Invoker.invokeMethod(Invoker.java:696)
	at org.testng.internal.Invoker.invokeTestMethod(Invoker.java:821)
	at org.testng.internal.Invoker.invokeTestMethods(Invoker.java:1131)
	at org.testng.internal.TestMethodWorker.invokeTestMethods(TestMethodWorker.java:124)
	at org.testng.internal.TestMethodWorker.run(TestMethodWorker.java:108)
	at org.testng.TestRunner.privateRun(TestRunner.java:773)
	at org.testng.TestRunner.run(TestRunner.java:623)
	at org.testng.SuiteRunner.runTest(SuiteRunner.java:357)
	at org.testng.SuiteRunner.runSequentially(SuiteRunner.java:352)
	at org.testng.SuiteRunner.privateRun(SuiteRunner.java:310)
	at org.testng.SuiteRunner.run(SuiteRunner.java:259)
	at org.testng.SuiteRunnerWorker.runSuite(SuiteRunnerWorker.java:52)
	at org.testng.SuiteRunnerWorker.run(SuiteRunnerWorker.java:86)
	at org.testng.TestNG.runSuitesSequentially(TestNG.java:1185)
	at org.testng.TestNG.runSuitesLocally(TestNG.java:1110)
	at org.testng.TestNG.run(TestNG.java:1018)
	at org.apache.maven.surefire.testng.TestNGExecutor.run(TestNGExecutor.java:73)
	at org.apache.maven.surefire.testng.TestNGXmlTestSuite.execute(TestNGXmlTestSuite.java:94)
	at org.apache.maven.surefire.Surefire.run(Surefire.java:169)
	at sun.reflect.NativeMethodAccessorImpl.invoke0(Native Method)
	at sun.reflect.NativeMethodAccessorImpl.invoke(NativeMethodAccessorImpl.java:57)
	at sun.reflect.DelegatingMethodAccessorImpl.invoke(DelegatingMethodAccessorImpl.java:43)
	at java.lang.reflect.Method.invoke(Method.java:606)
	at org.apache.maven.surefire.booter.SurefireBooter.runSuitesInProcess(SurefireBooter.java:350)
	at org.apache.maven.surefire.booter.SurefireBooter.main(SurefireBooter.java:1021)
]]>
    </failure>
  </testcase> <!-- simpleTestMethod -->
  <testcase name="howToGetAllDataAsHashtable" time="0.135" classname="com.mycompany.myselion.sample.selion.YamlPoweredDataDrivenTest"/>
  <testcase name="howToGetAllDataFromDocuments" time="0.033" classname="com.mycompany.myselion.sample.selion.YamlPoweredDataDrivenTest"/>
  <testcase name="howToGetAllDataFromList" time="0.026" classname="com.mycompany.myselion.sample.selion.YamlPoweredDataDrivenTest"/>
  <testcase name="howToGetAllDataFromMap" time="0.025" classname="com.mycompany.myselion.sample.selion.YamlPoweredDataDrivenTest"/>
  <testcase name="howToGetAllDataFromStringList" time="0.014" classname="com.mycompany.myselion.sample.selion.YamlPoweredDataDrivenTest"/>
  <testcase name="howToGetAllDataFromTaggedList" time="0.024" classname="com.mycompany.myselion.sample.selion.YamlPoweredDataDrivenTest"/>
  <testcase name="howToGetDataByARangeOfIndexes" time="0.028" classname="com.mycompany.myselion.sample.selion.YamlPoweredDataDrivenTest"/>
  <testcase name="howToGetDataByASingleIndex" time="0.016" classname="com.mycompany.myselion.sample.selion.YamlPoweredDataDrivenTest"/>
  <testcase name="howToGetDataByASingleKey" time="0.014" classname="com.mycompany.myselion.sample.selion.YamlPoweredDataDrivenTest"/>
  <testcase name="howToGetDataByIndividualAndRangeOfIndexes" time="0.024" classname="com.mycompany.myselion.sample.selion.YamlPoweredDataDrivenTest"/>
  <testcase name="howToGetDataByMultipleIndexes" time="0.025" classname="com.mycompany.myselion.sample.selion.YamlPoweredDataDrivenTest"/>
  <testcase name="howToGetDataByMultipleKeys" time="0.019" classname="com.mycompany.myselion.sample.selion.YamlPoweredDataDrivenTest"/>
  <testcase name="testDataProviderGetAssociativeArray" time="0.004" classname="com.mycompany.myselion.sample.selion.YamlPoweredDataDrivenTest"/>
  <testcase name="testDataProviderGetAssociativeArray" time="0.005" classname="com.mycompany.myselion.sample.selion.YamlPoweredDataDrivenTest"/>
  <testcase name="testDataProviderGetAssociativeArrayOfArrays" time="0.005" classname="com.mycompany.myselion.sample.selion.YamlPoweredDataDrivenTest"/>
  <testcase name="testDataProviderGetAssociativeArrayOfArrays" time="0.004" classname="com.mycompany.myselion.sample.selion.YamlPoweredDataDrivenTest"/>
  <testcase name="testDataProviderGetAssociativeArrayOfLists" time="0.004" classname="com.mycompany.myselion.sample.selion.YamlPoweredDataDrivenTest"/>
  <testcase name="testDataProviderGetAssociativeArrayOfLists" time="0.005" classname="com.mycompany.myselion.sample.selion.YamlPoweredDataDrivenTest"/>
  <testcase name="testDataProviderGetAssociativeArrayOfUsers" time="0.005" classname="com.mycompany.myselion.sample.selion.YamlPoweredDataDrivenTest"/>
  <testcase name="testDataProviderGetAssociativeArrayOfUsers" time="0.006" classname="com.mycompany.myselion.sample.selion.YamlPoweredDataDrivenTest"/>
  <testcase name="testDataProviderGetAssociativeArrayOfUsers" time="0.004" classname="com.mycompany.myselion.sample.selion.YamlPoweredDataDrivenTest"/>
  <testcase name="testDataProviderGetAssociativeArrayOfUsers" time="0.004" classname="com.mycompany.myselion.sample.selion.YamlPoweredDataDrivenTest"/>
  <testcase name="testDataProviderGetAssociativeArrayOfUsers" time="0.005" classname="com.mycompany.myselion.sample.selion.YamlPoweredDataDrivenTest"/>
  <testcase name="testDataProviderGetDataByIndex" time="0.003" classname="com.mycompany.myselion.sample.selion.YamlPoweredDataDrivenTest"/>
  <testcase name="testDataProviderGetDataByIndex" time="0.004" classname="com.mycompany.myselion.sample.selion.YamlPoweredDataDrivenTest"/>
  <testcase name="testDataProviderGetDataByIndex" time="0.004" classname="com.mycompany.myselion.sample.selion.YamlPoweredDataDrivenTest"/>
  <testcase name="testDataProviderGetDataByIndex" time="0.003" classname="com.mycompany.myselion.sample.selion.YamlPoweredDataDrivenTest"/>
  <testcase name="testDataProviderGetDataByIndex" time="0.004" classname="com.mycompany.myselion.sample.selion.YamlPoweredDataDrivenTest"/>
  <testcase name="testDataProviderGetDataByIndex" time="0.003" classname="com.mycompany.myselion.sample.selion.YamlPoweredDataDrivenTest"/>
  <testcase name="testDataProviderGetDataByKeys" time="0.005" classname="com.mycompany.myselion.sample.selion.YamlPoweredDataDrivenTest"/>
  <testcase name="testDataProviderGetDataByKeys" time="0.005" classname="com.mycompany.myselion.sample.selion.YamlPoweredDataDrivenTest"/>
  <testcase name="testDataProviderGetDataByKeys" time="0.003" classname="com.mycompany.myselion.sample.selion.YamlPoweredDataDrivenTest"/>
  <testcase name="testDataProviderGetDataByKeys" time="0.004" classname="com.mycompany.myselion.sample.selion.YamlPoweredDataDrivenTest"/>
  <testcase name="testDataProviderGetDocumentSeparatedLists" time="0.003" classname="com.mycompany.myselion.sample.selion.YamlPoweredDataDrivenTest"/>
  <testcase name="testDataProviderGetDocumentSeparatedLists" time="0.003" classname="com.mycompany.myselion.sample.selion.YamlPoweredDataDrivenTest"/>
  <testcase name="testDataProviderGetDocumentSeparatedLists" time="0.003" classname="com.mycompany.myselion.sample.selion.YamlPoweredDataDrivenTest"/>
  <testcase name="testDataProviderGetDocumentSeparatedLists" time="0.003" classname="com.mycompany.myselion.sample.selion.YamlPoweredDataDrivenTest"/>
  <testcase name="testDataProviderGetDocumentSeparatedUsers" time="0.003" classname="com.mycompany.myselion.sample.selion.YamlPoweredDataDrivenTest"/>
  <testcase name="testDataProviderGetDocumentSeparatedUsers" time="0.003" classname="com.mycompany.myselion.sample.selion.YamlPoweredDataDrivenTest"/>
  <testcase name="testDataProviderGetDocumentSeparatedUsers" time="0.004" classname="com.mycompany.myselion.sample.selion.YamlPoweredDataDrivenTest"/>
  <testcase name="testDataProviderGetDocumentSeparatedUsers" time="0.003" classname="com.mycompany.myselion.sample.selion.YamlPoweredDataDrivenTest"/>
  <testcase name="testDataProviderGetDocumentSeparatedUsers" time="0.004" classname="com.mycompany.myselion.sample.selion.YamlPoweredDataDrivenTest"/>
  <testcase name="testDataProviderGetDocumentSeparatedUsers" time="0.003" classname="com.mycompany.myselion.sample.selion.YamlPoweredDataDrivenTest"/>
  <testcase name="testDataProviderGetList" time="0.002" classname="com.mycompany.myselion.sample.selion.YamlPoweredDataDrivenTest"/>
  <testcase name="testDataProviderGetList" time="0.002" classname="com.mycompany.myselion.sample.selion.YamlPoweredDataDrivenTest"/>
  <testcase name="testDataProviderGetList" time="0.002" classname="com.mycompany.myselion.sample.selion.YamlPoweredDataDrivenTest"/>
  <testcase name="testDataProviderGetListOfAssociativeArrays" time="0.004" classname="com.mycompany.myselion.sample.selion.YamlPoweredDataDrivenTest"/>
  <testcase name="testDataProviderGetListOfAssociativeArrays" time="0.002" classname="com.mycompany.myselion.sample.selion.YamlPoweredDataDrivenTest"/>
  <testcase name="testDataProviderGetListOfAssociativeArrays" time="0.004" classname="com.mycompany.myselion.sample.selion.YamlPoweredDataDrivenTest"/>
  <testcase name="testDataProviderGetListOfAssociativeArrays" time="0.003" classname="com.mycompany.myselion.sample.selion.YamlPoweredDataDrivenTest"/>
  <testcase name="testDataProviderGetListOfAssociativeArrays" time="0.003" classname="com.mycompany.myselion.sample.selion.YamlPoweredDataDrivenTest"/>
  <testcase name="testDataProviderGetListOfAssociativeArrays" time="0.003" classname="com.mycompany.myselion.sample.selion.YamlPoweredDataDrivenTest"/>
  <testcase name="testDataProviderGetListOfLists" time="0.002" classname="com.mycompany.myselion.sample.selion.YamlPoweredDataDrivenTest"/>
  <testcase name="testDataProviderGetListOfLists" time="0.004" classname="com.mycompany.myselion.sample.selion.YamlPoweredDataDrivenTest"/>
  <testcase name="testDataProviderGetListOfUsers" time="0.003" classname="com.mycompany.myselion.sample.selion.YamlPoweredDataDrivenTest"/>
  <testcase name="testDataProviderGetListOfUsers" time="0.003" classname="com.mycompany.myselion.sample.selion.YamlPoweredDataDrivenTest"/>
  <testcase name="testDataProviderGetListOfUsers" time="0.003" classname="com.mycompany.myselion.sample.selion.YamlPoweredDataDrivenTest"/>
  <testcase name="testDataProviderGetListOfUsers" time="0.003" classname="com.mycompany.myselion.sample.selion.YamlPoweredDataDrivenTest"/>
  <testcase name="testDataProviderGetListOfUsers" time="0.003" classname="com.mycompany.myselion.sample.selion.YamlPoweredDataDrivenTest"/>
  <testcase name="testDataProviderGetListOfUsers" time="0.003" classname="com.mycompany.myselion.sample.selion.YamlPoweredDataDrivenTest"/>
  <testcase name="testDataProviderGetMultipleArguments" time="0.004" classname="com.mycompany.myselion.sample.selion.YamlPoweredDataDrivenTest"/>
  <testcase name="testDataProviderGetMultipleArguments" time="0.003" classname="com.mycompany.myselion.sample.selion.YamlPoweredDataDrivenTest"/>
  <testcase name="testDataProviderGetMultipleArguments" time="0.003" classname="com.mycompany.myselion.sample.selion.YamlPoweredDataDrivenTest"/>
  <testcase name="testDataProviderGetMultipleArguments" time="0.002" classname="com.mycompany.myselion.sample.selion.YamlPoweredDataDrivenTest"/>
  <testcase name="testDataProviderGetMultipleArguments" time="0.003" classname="com.mycompany.myselion.sample.selion.YamlPoweredDataDrivenTest"/>
  <testcase name="testDataProviderGetMultipleArguments" time="0.002" classname="com.mycompany.myselion.sample.selion.YamlPoweredDataDrivenTest"/>
  <testcase name="testDataProviderGetStringList" time="0.002" classname="com.mycompany.myselion.sample.selion.YamlPoweredDataDrivenTest"/>
  <testcase name="testDataProviderGetStringList" time="0.004" classname="com.mycompany.myselion.sample.selion.YamlPoweredDataDrivenTest"/>
  <testcase name="testDataProviderGetStringList" time="0.003" classname="com.mycompany.myselion.sample.selion.YamlPoweredDataDrivenTest"/>
</testsuite> <!-- DemoNonUITests -->
