<html>
<head>
<title>TestNG:  DemoNonUITests</title>
<link href="../testng.css" rel="stylesheet" type="text/css" />
<link href="../my-testng.css" rel="stylesheet" type="text/css" />

<style type="text/css">
.log { display: none;} 
.stack-trace { display: none;} 
</style>
<script type="text/javascript">
<!--
function flip(e) {
  current = e.style.display;
  if (current == 'block') {
    e.style.display = 'none';
    return 0;
  }
  else {
    e.style.display = 'block';
    return 1;
  }
}

function toggleBox(szDivId, elem, msg1, msg2)
{
  var res = -1;  if (document.getElementById) {
    res = flip(document.getElementById(szDivId));
  }
  else if (document.all) {
    // this is the way old msie versions work
    res = flip(document.all[szDivId]);
  }
  if(elem) {
    if(res == 0) elem.innerHTML = msg1; else elem.innerHTML = msg2;
  }

}

function toggleAllBoxes() {
  if (document.getElementsByTagName) {
    d = document.getElementsByTagName('div');
    for (i = 0; i < d.length; i++) {
      if (d[i].className == 'log') {
        flip(d[i]);
      }
    }
  }
}

// -->
</script>

</head>
<body>
<h2 align='center'>DemoNonUITests</h2><table border='1' align="center">
<tr>
<td>Tests passed/Failed/Skipped:</td><td>78/1/0</td>
</tr><tr>
<td>Started on:</td><td>Fri Apr 29 14:35:17 CST 2016</td>
</tr>
<tr><td>Total time:</td><td>1 seconds (1664 ms)</td>
</tr><tr>
<td>Included groups:</td><td></td>
</tr><tr>
<td>Excluded groups:</td><td></td>
</tr>
</table><p/>
<small><i>(Hover the method name to see the test class name)</i></small><p/>
<table width='100%' border='1' class='invocation-failed'>
<tr><td colspan='4' align='center'><b>FAILED TESTS</b></td></tr>
<tr><td><b>Test method</b></td>
<td width="30%"><b>Exception</b></td>
<td width="10%"><b>Time (seconds)</b></td>
<td><b>Instance</b></td>
</tr>
<tr>
<td title='com.mycompany.myselion.sample.selion.SoftAssertionsTest.simpleTestMethod()'><b>simpleTestMethod</b><br>Test class: com.mycompany.myselion.sample.selion.SoftAssertionsTest<br/>
<a href="#Output-1426507146" onClick='toggleBox("Output-1426507146", this, "Show output", "Hide output");'>Show output</a>

<a href="#Output-1426507146" onClick="toggleAllBoxes();">Show all outputs</a>
<div class='log' id="Output-1426507146">
Soft Assert [Ensuring that falsy values are always falsy] failed in simpleTestMethod()
java.lang.AssertionError: Ensuring that falsy values are always falsy expected [false] but found [true]
	at org.testng.Assert.fail(Assert.java:94)
	at org.testng.Assert.failNotEquals(Assert.java:496)
	at org.testng.Assert.assertFalse(Assert.java:63)
	at org.testng.asserts.Assertion$3.doAssert(Assertion.java:130)
	at com.paypal.selion.platform.asserts.SeLionSoftAssert.executeAssert(SeLionSoftAssert.java:100)
	at com.paypal.selion.platform.asserts.SeLionSoftAssert.doAssert(SeLionSoftAssert.java:45)
	at org.testng.asserts.Assertion.assertFalse(Assertion.java:127)
	at com.paypal.selion.platform.asserts.SeLionAsserts.verifyFalse(SeLionAsserts.java:224)
	at com.mycompany.myselion.sample.selion.SoftAssertionsTest.simpleTestMethod(SoftAssertionsTest.java:36)
	at sun.reflect.NativeMethodAccessorImpl.invoke0(Native Method)
	at sun.reflect.NativeMethodAccessorImpl.invoke(NativeMethodAccessorImpl.java:57)
	at sun.reflect.DelegatingMethodAccessorImpl.invoke(DelegatingMethodAccessorImpl.java:43)
	at java.lang.reflect.Method.invoke(Method.java:606)
	at org.testng.internal.MethodInvocationHelper.invokeMethod(MethodInvocationHelper.java:85)
	at org.testng.internal.Invoker.invokeMethod(Invoker.java:639)
	at org.testng.internal.Invoker.invokeTestMethod(Invoker.java:821)
	at org.testng.internal.Invoker.invokeTestMethods(Invoker.java:1131)
	at org.testng.internal.TestMethodWorker.invokeTestMethods(TestMethodWorker.java:124)
	at org.testng.internal.TestMethodWorker.run(TestMethodWorker.java:108)
	at org.testng.TestRunner.privateRun(TestRunner.java:773)
	at org.testng.TestRunner.run(TestRunner.java:623)
	at org.testng.SuiteRunner.runTest(SuiteRunner.java:357)
	at org.testng.SuiteRunner.runSequentially(SuiteRunner.java:352)
	at org.testng.SuiteRunner.privateRun(SuiteRunner.java:310)
	at org.testng.SuiteRunner.run(SuiteRunner.java:259)
	at org.testng.SuiteRunnerWorker.runSuite(SuiteRunnerWorker.java:52)
	at org.testng.SuiteRunnerWorker.run(SuiteRunnerWorker.java:86)
	at org.testng.TestNG.runSuitesSequentially(TestNG.java:1185)
	at org.testng.TestNG.runSuitesLocally(TestNG.java:1110)
	at org.testng.TestNG.run(TestNG.java:1018)
	at org.apache.maven.surefire.testng.TestNGExecutor.run(TestNGExecutor.java:73)
	at org.apache.maven.surefire.testng.TestNGXmlTestSuite.execute(TestNGXmlTestSuite.java:94)
	at org.apache.maven.surefire.Surefire.run(Surefire.java:169)
	at sun.reflect.NativeMethodAccessorImpl.invoke0(Native Method)
	at sun.reflect.NativeMethodAccessorImpl.invoke(NativeMethodAccessorImpl.java:57)
	at sun.reflect.DelegatingMethodAccessorImpl.invoke(DelegatingMethodAccessorImpl.java:43)
	at java.lang.reflect.Method.invoke(Method.java:606)
	at org.apache.maven.surefire.booter.SurefireBooter.runSuitesInProcess(SurefireBooter.java:350)
	at org.apache.maven.surefire.booter.SurefireBooter.main(SurefireBooter.java:1021)
<br/>
Soft Assert [Ensuring that the author of this test was Krishnan] failed in simpleTestMethod()
java.lang.AssertionError: Ensuring that the author of this test was Krishnan expected [Krishnan] but found [null]
	at org.testng.Assert.fail(Assert.java:94)
	at org.testng.Assert.failNotEquals(Assert.java:496)
	at org.testng.Assert.assertEquals(Assert.java:116)
	at org.testng.asserts.Assertion$8.doAssert(Assertion.java:175)
	at com.paypal.selion.platform.asserts.SeLionSoftAssert.executeAssert(SeLionSoftAssert.java:100)
	at com.paypal.selion.platform.asserts.SeLionSoftAssert.doAssert(SeLionSoftAssert.java:45)
	at org.testng.asserts.Assertion.assertEquals(Assertion.java:172)
	at com.paypal.selion.platform.asserts.SeLionAsserts.verifyEquals(SeLionAsserts.java:258)
	at com.mycompany.myselion.sample.selion.SoftAssertionsTest.simpleTestMethod(SoftAssertionsTest.java:37)
	at sun.reflect.NativeMethodAccessorImpl.invoke0(Native Method)
	at sun.reflect.NativeMethodAccessorImpl.invoke(NativeMethodAccessorImpl.java:57)
	at sun.reflect.DelegatingMethodAccessorImpl.invoke(DelegatingMethodAccessorImpl.java:43)
	at java.lang.reflect.Method.invoke(Method.java:606)
	at org.testng.internal.MethodInvocationHelper.invokeMethod(MethodInvocationHelper.java:85)
	at org.testng.internal.Invoker.invokeMethod(Invoker.java:639)
	at org.testng.internal.Invoker.invokeTestMethod(Invoker.java:821)
	at org.testng.internal.Invoker.invokeTestMethods(Invoker.java:1131)
	at org.testng.internal.TestMethodWorker.invokeTestMethods(TestMethodWorker.java:124)
	at org.testng.internal.TestMethodWorker.run(TestMethodWorker.java:108)
	at org.testng.TestRunner.privateRun(TestRunner.java:773)
	at org.testng.TestRunner.run(TestRunner.java:623)
	at org.testng.SuiteRunner.runTest(SuiteRunner.java:357)
	at org.testng.SuiteRunner.runSequentially(SuiteRunner.java:352)
	at org.testng.SuiteRunner.privateRun(SuiteRunner.java:310)
	at org.testng.SuiteRunner.run(SuiteRunner.java:259)
	at org.testng.SuiteRunnerWorker.runSuite(SuiteRunnerWorker.java:52)
	at org.testng.SuiteRunnerWorker.run(SuiteRunnerWorker.java:86)
	at org.testng.TestNG.runSuitesSequentially(TestNG.java:1185)
	at org.testng.TestNG.runSuitesLocally(TestNG.java:1110)
	at org.testng.TestNG.run(TestNG.java:1018)
	at org.apache.maven.surefire.testng.TestNGExecutor.run(TestNGExecutor.java:73)
	at org.apache.maven.surefire.testng.TestNGXmlTestSuite.execute(TestNGXmlTestSuite.java:94)
	at org.apache.maven.surefire.Surefire.run(Surefire.java:169)
	at sun.reflect.NativeMethodAccessorImpl.invoke0(Native Method)
	at sun.reflect.NativeMethodAccessorImpl.invoke(NativeMethodAccessorImpl.java:57)
	at sun.reflect.DelegatingMethodAccessorImpl.invoke(DelegatingMethodAccessorImpl.java:43)
	at java.lang.reflect.Method.invoke(Method.java:606)
	at org.apache.maven.surefire.booter.SurefireBooter.runSuitesInProcess(SurefireBooter.java:350)
	at org.apache.maven.surefire.booter.SurefireBooter.main(SurefireBooter.java:1021)
<br/>
Soft Assert [Ensuring that Null values stay that way] failed in simpleTestMethod()
java.lang.AssertionError: Ensuring that Null values stay that way expected [null] but found [Rambo]
	at org.testng.Assert.fail(Assert.java:94)
	at org.testng.Assert.failNotSame(Assert.java:492)
	at org.testng.Assert.assertNull(Assert.java:428)
	at org.testng.asserts.Assertion$31.doAssert(Assertion.java:383)
	at com.paypal.selion.platform.asserts.SeLionSoftAssert.executeAssert(SeLionSoftAssert.java:100)
	at com.paypal.selion.platform.asserts.SeLionSoftAssert.doAssert(SeLionSoftAssert.java:45)
	at org.testng.asserts.Assertion.assertNull(Assertion.java:380)
	at com.paypal.selion.platform.asserts.SeLionAsserts.verifyNull(SeLionAsserts.java:338)
	at com.mycompany.myselion.sample.selion.SoftAssertionsTest.simpleTestMethod(SoftAssertionsTest.java:38)
	at sun.reflect.NativeMethodAccessorImpl.invoke0(Native Method)
	at sun.reflect.NativeMethodAccessorImpl.invoke(NativeMethodAccessorImpl.java:57)
	at sun.reflect.DelegatingMethodAccessorImpl.invoke(DelegatingMethodAccessorImpl.java:43)
	at java.lang.reflect.Method.invoke(Method.java:606)
	at org.testng.internal.MethodInvocationHelper.invokeMethod(MethodInvocationHelper.java:85)
	at org.testng.internal.Invoker.invokeMethod(Invoker.java:639)
	at org.testng.internal.Invoker.invokeTestMethod(Invoker.java:821)
	at org.testng.internal.Invoker.invokeTestMethods(Invoker.java:1131)
	at org.testng.internal.TestMethodWorker.invokeTestMethods(TestMethodWorker.java:124)
	at org.testng.internal.TestMethodWorker.run(TestMethodWorker.java:108)
	at org.testng.TestRunner.privateRun(TestRunner.java:773)
	at org.testng.TestRunner.run(TestRunner.java:623)
	at org.testng.SuiteRunner.runTest(SuiteRunner.java:357)
	at org.testng.SuiteRunner.runSequentially(SuiteRunner.java:352)
	at org.testng.SuiteRunner.privateRun(SuiteRunner.java:310)
	at org.testng.SuiteRunner.run(SuiteRunner.java:259)
	at org.testng.SuiteRunnerWorker.runSuite(SuiteRunnerWorker.java:52)
	at org.testng.SuiteRunnerWorker.run(SuiteRunnerWorker.java:86)
	at org.testng.TestNG.runSuitesSequentially(TestNG.java:1185)
	at org.testng.TestNG.runSuitesLocally(TestNG.java:1110)
	at org.testng.TestNG.run(TestNG.java:1018)
	at org.apache.maven.surefire.testng.TestNGExecutor.run(TestNGExecutor.java:73)
	at org.apache.maven.surefire.testng.TestNGXmlTestSuite.execute(TestNGXmlTestSuite.java:94)
	at org.apache.maven.surefire.Surefire.run(Surefire.java:169)
	at sun.reflect.NativeMethodAccessorImpl.invoke0(Native Method)
	at sun.reflect.NativeMethodAccessorImpl.invoke(NativeMethodAccessorImpl.java:57)
	at sun.reflect.DelegatingMethodAccessorImpl.invoke(DelegatingMethodAccessorImpl.java:43)
	at java.lang.reflect.Method.invoke(Method.java:606)
	at org.apache.maven.surefire.booter.SurefireBooter.runSuitesInProcess(SurefireBooter.java:350)
	at org.apache.maven.surefire.booter.SurefireBooter.main(SurefireBooter.java:1021)
<br/>
</div>
</td>
<td><div><pre>java.lang.AssertionError: Multiple (3) soft assertion failures occurred [
	1. AssertionError: Ensuring that falsy values are always falsy expected [false] but found [true]
		at org.testng.Assert.fail(Assert.java:94)
		at org.testng.Assert.failNotEquals(Assert.java:496)
		at org.testng.Assert.assertFalse(Assert.java:63)
		at org.testng.asserts.Assertion$3.doAssert(Assertion.java:130)
		at com.paypal.selion.platform.asserts.SeLionSoftAssert.executeAssert(SeLionSoftAssert.java:100)
		at com.paypal.selion.platform.asserts.SeLionSoftAssert.doAssert(SeLionSoftAssert.java:45)
		at org.testng.asserts.Assertion.assertFalse(Assertion.java:127)
		at com.paypal.selion.platform.asserts.SeLionAsserts.verifyFalse(SeLionAsserts.java:224)
		at com.mycompany.myselion.sample.selion.SoftAssertionsTest.simpleTestMethod(SoftAssertionsTest.java:36)
	2. AssertionError: Ensuring that the author of this test was Krishnan expected [Krishnan] but found [null]
		at org.testng.Assert.fail(Assert.java:94)
		at org.testng.Assert.failNotEquals(Assert.java:496)
		at org.testng.Assert.assertEquals(Assert.java:116)
		at org.testng.asserts.Assertion$8.doAssert(Assertion.java:175)
		at com.paypal.selion.platform.asserts.SeLionSoftAssert.executeAssert(SeLionSoftAssert.java:100)
		at com.paypal.selion.platform.asserts.SeLionSoftAssert.doAssert(SeLionSoftAssert.java:45)
		at org.testng.asserts.Assertion.assertEquals(Assertion.java:172)
		at com.paypal.selion.platform.asserts.SeLionAsserts.verifyEquals(SeLionAsserts.java:258)
		at com.mycompany.myselion.sample.selion.SoftAssertionsTest.simpleTestMethod(SoftAssertionsTest.java:37)
	3. AssertionError: Ensuring that Null values stay that way expected [null] but found [Rambo]
		at org.testng.Assert.fail(Assert.java:94)
		at org.testng.Assert.failNotSame(Assert.java:492)
		at org.testng.Assert.assertNull(Assert.java:428)
		at org.testng.asserts.Assertion$31.doAssert(Assertion.java:383)
		at com.paypal.selion.platform.asserts.SeLionSoftAssert.executeAssert(SeLionSoftAssert.java:100)
		at com.paypal.selion.platform.asserts.SeLionSoftAssert.doAssert(SeLionSoftAssert.java:45)
		at org.testng.asserts.Assertion.assertNull(Assertion.java:380)
		at com.paypal.selion.platform.asserts.SeLionAsserts.verifyNull(SeLionAsserts.java:338)
		at com.mycompany.myselion.sample.selion.SoftAssertionsTest.simpleTestMethod(SoftAssertionsTest.java:38)
	]
	at com.paypal.selion.platform.asserts.SeLionSoftAssert.assertAll(SeLionSoftAssert.java:145)
	at com.paypal.selion.internal.platform.asserts.SeLionAssertsListener.afterInvocation(SeLionAssertsListener.java:77)
	at org.testng.internal.invokers.InvokedMethodListenerInvoker$InvokeAfterInvocationWithoutContextStrategy.callMethod(InvokedMethodListenerInvoker.java:100)
	at org.testng.internal.invokers.InvokedMethodListenerInvoker.invokeListener(InvokedMethodListenerInvoker.java:62)
	at org.testng.internal.Invoker.runInvokedMethodListeners(Invoker.java:552)
	at org.testng.internal.Invoker.invokeMethod(Invoker.java:696)
	at org.testng.internal.Invoker.invokeTestMethod(Invoker.java:821)
	at org.testng.internal.Invoker.invokeTestMethods(Invoker.java:1131)
	at org.testng.internal.TestMethodWorker.invokeTestMethods(TestMethodWorker.java:124)
	at org.testng.internal.TestMethodWorker.run(TestMethodWorker.java:108)
	at org.testng.TestRunner.privateRun(TestRunner.java:773)
	at org.testng.TestRunner.run(TestRunner.java:623)
	at org.testng.SuiteRunner.runTest(SuiteRunner.java:357)
	at org.testng.SuiteRunner.runSequentially(SuiteRunner.java:352)
	at org.testng.SuiteRunner.privateRun(SuiteRunner.java:310)
	at org.testng.SuiteRunner.run(SuiteRunner.java:259)
	at org.testng.SuiteRunnerWorker.runSuite(SuiteRunnerWorker.java:52)
	at org.testng.SuiteRunnerWorker.run(SuiteRunnerWorker.java:86)
	at org.testng.TestNG.runSuitesSequentially(TestNG.java:1185)
	at org.testng.TestNG.runSuitesLocally(TestNG.java:1110)
	at org.testng.TestNG.run(TestNG.java:1018)
	at org.apache.maven.surefire.testng.TestNGExecutor.run(TestNGExecutor.java:73)
	at org.apache.maven.surefire.testng.TestNGXmlTestSuite.execute(TestNGXmlTestSuite.java:94)
	at org.apache.maven.surefire.Surefire.run(Surefire.java:169)
	at sun.reflect.NativeMethodAccessorImpl.invoke0(Native Method)
	at sun.reflect.NativeMethodAccessorImpl.invoke(NativeMethodAccessorImpl.java:57)
	at sun.reflect.DelegatingMethodAccessorImpl.invoke(DelegatingMethodAccessorImpl.java:43)
	at java.lang.reflect.Method.invoke(Method.java:606)
	at org.apache.maven.surefire.booter.SurefireBooter.runSuitesInProcess(SurefireBooter.java:350)
	at org.apache.maven.surefire.booter.SurefireBooter.main(SurefireBooter.java:1021)
</pre></div><a href='#' onClick='toggleBox("stack-trace1426507146", this, "Click to show all stack frames", "Click to hide stack frames")'>Click to show all stack frames</a>
<div class='stack-trace' id='stack-trace1426507146'><pre>java.lang.AssertionError: Multiple (3) soft assertion failures occurred [
	1. AssertionError: Ensuring that falsy values are always falsy expected [false] but found [true]
		at org.testng.Assert.fail(Assert.java:94)
		at org.testng.Assert.failNotEquals(Assert.java:496)
		at org.testng.Assert.assertFalse(Assert.java:63)
		at org.testng.asserts.Assertion$3.doAssert(Assertion.java:130)
		at com.paypal.selion.platform.asserts.SeLionSoftAssert.executeAssert(SeLionSoftAssert.java:100)
		at com.paypal.selion.platform.asserts.SeLionSoftAssert.doAssert(SeLionSoftAssert.java:45)
		at org.testng.asserts.Assertion.assertFalse(Assertion.java:127)
		at com.paypal.selion.platform.asserts.SeLionAsserts.verifyFalse(SeLionAsserts.java:224)
		at com.mycompany.myselion.sample.selion.SoftAssertionsTest.simpleTestMethod(SoftAssertionsTest.java:36)
	2. AssertionError: Ensuring that the author of this test was Krishnan expected [Krishnan] but found [null]
		at org.testng.Assert.fail(Assert.java:94)
		at org.testng.Assert.failNotEquals(Assert.java:496)
		at org.testng.Assert.assertEquals(Assert.java:116)
		at org.testng.asserts.Assertion$8.doAssert(Assertion.java:175)
		at com.paypal.selion.platform.asserts.SeLionSoftAssert.executeAssert(SeLionSoftAssert.java:100)
		at com.paypal.selion.platform.asserts.SeLionSoftAssert.doAssert(SeLionSoftAssert.java:45)
		at org.testng.asserts.Assertion.assertEquals(Assertion.java:172)
		at com.paypal.selion.platform.asserts.SeLionAsserts.verifyEquals(SeLionAsserts.java:258)
		at com.mycompany.myselion.sample.selion.SoftAssertionsTest.simpleTestMethod(SoftAssertionsTest.java:37)
	3. AssertionError: Ensuring that Null values stay that way expected [null] but found [Rambo]
		at org.testng.Assert.fail(Assert.java:94)
		at org.testng.Assert.failNotSame(Assert.java:492)
		at org.testng.Assert.assertNull(Assert.java:428)
		at org.testng.asserts.Assertion$31.doAssert(Assertion.java:383)
		at com.paypal.selion.platform.asserts.SeLionSoftAssert.executeAssert(SeLionSoftAssert.java:100)
		at com.paypal.selion.platform.asserts.SeLionSoftAssert.doAssert(SeLionSoftAssert.java:45)
		at org.testng.asserts.Assertion.assertNull(Assertion.java:380)
		at com.paypal.selion.platform.asserts.SeLionAsserts.verifyNull(SeLionAsserts.java:338)
		at com.mycompany.myselion.sample.selion.SoftAssertionsTest.simpleTestMethod(SoftAssertionsTest.java:38)
	]
	at com.paypal.selion.platform.asserts.SeLionSoftAssert.assertAll(SeLionSoftAssert.java:145)
	at com.paypal.selion.internal.platform.asserts.SeLionAssertsListener.afterInvocation(SeLionAssertsListener.java:77)
	at org.testng.internal.invokers.InvokedMethodListenerInvoker$InvokeAfterInvocationWithoutContextStrategy.callMethod(InvokedMethodListenerInvoker.java:100)
	at org.testng.internal.invokers.InvokedMethodListenerInvoker.invokeListener(InvokedMethodListenerInvoker.java:62)
	at org.testng.internal.Invoker.runInvokedMethodListeners(Invoker.java:552)
	at org.testng.internal.Invoker.invokeMethod(Invoker.java:696)
	at org.testng.internal.Invoker.invokeTestMethod(Invoker.java:821)
	at org.testng.internal.Invoker.invokeTestMethods(Invoker.java:1131)
	at org.testng.internal.TestMethodWorker.invokeTestMethods(TestMethodWorker.java:124)
	at org.testng.internal.TestMethodWorker.run(TestMethodWorker.java:108)
	at org.testng.TestRunner.privateRun(TestRunner.java:773)
	at org.testng.TestRunner.run(TestRunner.java:623)
	at org.testng.SuiteRunner.runTest(SuiteRunner.java:357)
	at org.testng.SuiteRunner.runSequentially(SuiteRunner.java:352)
	at org.testng.SuiteRunner.privateRun(SuiteRunner.java:310)
	at org.testng.SuiteRunner.run(SuiteRunner.java:259)
	at org.testng.SuiteRunnerWorker.runSuite(SuiteRunnerWorker.java:52)
	at org.testng.SuiteRunnerWorker.run(SuiteRunnerWorker.java:86)
	at org.testng.TestNG.runSuitesSequentially(TestNG.java:1185)
	at org.testng.TestNG.runSuitesLocally(TestNG.java:1110)
	at org.testng.TestNG.run(TestNG.java:1018)
	at org.apache.maven.surefire.testng.TestNGExecutor.run(TestNGExecutor.java:73)
	at org.apache.maven.surefire.testng.TestNGXmlTestSuite.execute(TestNGXmlTestSuite.java:94)
	at org.apache.maven.surefire.Surefire.run(Surefire.java:169)
	at sun.reflect.NativeMethodAccessorImpl.invoke0(Native Method)
	at sun.reflect.NativeMethodAccessorImpl.invoke(NativeMethodAccessorImpl.java:57)
	at sun.reflect.DelegatingMethodAccessorImpl.invoke(DelegatingMethodAccessorImpl.java:43)
	at java.lang.reflect.Method.invoke(Method.java:606)
	at org.apache.maven.surefire.booter.SurefireBooter.runSuitesInProcess(SurefireBooter.java:350)
	at org.apache.maven.surefire.booter.SurefireBooter.main(SurefireBooter.java:1021)
</pre></div></td>
<td>0</td>
<td>com.mycompany.myselion.sample.selion.SoftAssertionsTest@511c7571</td></tr>
</table><p>
<table width='100%' border='1' class='invocation-passed'>
<tr><td colspan='4' align='center'><b>PASSED TESTS</b></td></tr>
<tr><td><b>Test method</b></td>
<td width="30%"><b>Exception</b></td>
<td width="10%"><b>Time (seconds)</b></td>
<td><b>Instance</b></td>
</tr>
<tr>
<td title='com.mycompany.myselion.sample.selion.YamlPoweredDataDrivenTest.howToGetAllDataAsHashtable()'><b>howToGetAllDataAsHashtable</b><br>Test class: com.mycompany.myselion.sample.selion.YamlPoweredDataDrivenTest</td>
<td></td>
<td>0</td>
<td>com.mycompany.myselion.sample.selion.YamlPoweredDataDrivenTest@4dd73938</td></tr>
<tr>
<td title='com.mycompany.myselion.sample.selion.YamlPoweredDataDrivenTest.howToGetAllDataFromDocuments()'><b>howToGetAllDataFromDocuments</b><br>Test class: com.mycompany.myselion.sample.selion.YamlPoweredDataDrivenTest</td>
<td></td>
<td>0</td>
<td>com.mycompany.myselion.sample.selion.YamlPoweredDataDrivenTest@4dd73938</td></tr>
<tr>
<td title='com.mycompany.myselion.sample.selion.YamlPoweredDataDrivenTest.howToGetAllDataFromList()'><b>howToGetAllDataFromList</b><br>Test class: com.mycompany.myselion.sample.selion.YamlPoweredDataDrivenTest</td>
<td></td>
<td>0</td>
<td>com.mycompany.myselion.sample.selion.YamlPoweredDataDrivenTest@4dd73938</td></tr>
<tr>
<td title='com.mycompany.myselion.sample.selion.YamlPoweredDataDrivenTest.howToGetAllDataFromMap()'><b>howToGetAllDataFromMap</b><br>Test class: com.mycompany.myselion.sample.selion.YamlPoweredDataDrivenTest</td>
<td></td>
<td>0</td>
<td>com.mycompany.myselion.sample.selion.YamlPoweredDataDrivenTest@4dd73938</td></tr>
<tr>
<td title='com.mycompany.myselion.sample.selion.YamlPoweredDataDrivenTest.howToGetAllDataFromStringList()'><b>howToGetAllDataFromStringList</b><br>Test class: com.mycompany.myselion.sample.selion.YamlPoweredDataDrivenTest</td>
<td></td>
<td>0</td>
<td>com.mycompany.myselion.sample.selion.YamlPoweredDataDrivenTest@4dd73938</td></tr>
<tr>
<td title='com.mycompany.myselion.sample.selion.YamlPoweredDataDrivenTest.howToGetAllDataFromTaggedList()'><b>howToGetAllDataFromTaggedList</b><br>Test class: com.mycompany.myselion.sample.selion.YamlPoweredDataDrivenTest</td>
<td></td>
<td>0</td>
<td>com.mycompany.myselion.sample.selion.YamlPoweredDataDrivenTest@4dd73938</td></tr>
<tr>
<td title='com.mycompany.myselion.sample.selion.YamlPoweredDataDrivenTest.howToGetDataByARangeOfIndexes()'><b>howToGetDataByARangeOfIndexes</b><br>Test class: com.mycompany.myselion.sample.selion.YamlPoweredDataDrivenTest</td>
<td></td>
<td>0</td>
<td>com.mycompany.myselion.sample.selion.YamlPoweredDataDrivenTest@4dd73938</td></tr>
<tr>
<td title='com.mycompany.myselion.sample.selion.YamlPoweredDataDrivenTest.howToGetDataByASingleIndex()'><b>howToGetDataByASingleIndex</b><br>Test class: com.mycompany.myselion.sample.selion.YamlPoweredDataDrivenTest</td>
<td></td>
<td>0</td>
<td>com.mycompany.myselion.sample.selion.YamlPoweredDataDrivenTest@4dd73938</td></tr>
<tr>
<td title='com.mycompany.myselion.sample.selion.YamlPoweredDataDrivenTest.howToGetDataByASingleKey()'><b>howToGetDataByASingleKey</b><br>Test class: com.mycompany.myselion.sample.selion.YamlPoweredDataDrivenTest</td>
<td></td>
<td>0</td>
<td>com.mycompany.myselion.sample.selion.YamlPoweredDataDrivenTest@4dd73938</td></tr>
<tr>
<td title='com.mycompany.myselion.sample.selion.YamlPoweredDataDrivenTest.howToGetDataByIndividualAndRangeOfIndexes()'><b>howToGetDataByIndividualAndRangeOfIndexes</b><br>Test class: com.mycompany.myselion.sample.selion.YamlPoweredDataDrivenTest</td>
<td></td>
<td>0</td>
<td>com.mycompany.myselion.sample.selion.YamlPoweredDataDrivenTest@4dd73938</td></tr>
<tr>
<td title='com.mycompany.myselion.sample.selion.YamlPoweredDataDrivenTest.howToGetDataByMultipleIndexes()'><b>howToGetDataByMultipleIndexes</b><br>Test class: com.mycompany.myselion.sample.selion.YamlPoweredDataDrivenTest</td>
<td></td>
<td>0</td>
<td>com.mycompany.myselion.sample.selion.YamlPoweredDataDrivenTest@4dd73938</td></tr>
<tr>
<td title='com.mycompany.myselion.sample.selion.YamlPoweredDataDrivenTest.howToGetDataByMultipleKeys()'><b>howToGetDataByMultipleKeys</b><br>Test class: com.mycompany.myselion.sample.selion.YamlPoweredDataDrivenTest</td>
<td></td>
<td>0</td>
<td>com.mycompany.myselion.sample.selion.YamlPoweredDataDrivenTest@4dd73938</td></tr>
<tr>
<td title='com.mycompany.myselion.sample.selion.YamlPoweredDataDrivenTest.testDataProviderGetAssociativeArray()'><b>testDataProviderGetAssociativeArray</b><br>Test class: com.mycompany.myselion.sample.selion.YamlPoweredDataDrivenTest<br>Parameters: {name=1, email=user1@paypal.com, txId=10686626}</td>
<td></td>
<td>0</td>
<td>com.mycompany.myselion.sample.selion.YamlPoweredDataDrivenTest@4dd73938</td></tr>
<tr>
<td title='com.mycompany.myselion.sample.selion.YamlPoweredDataDrivenTest.testDataProviderGetAssociativeArray()'><b>testDataProviderGetAssociativeArray</b><br>Test class: com.mycompany.myselion.sample.selion.YamlPoweredDataDrivenTest<br>Parameters: {name=2, email=user2@paypal.com, txId=10686627}</td>
<td></td>
<td>0</td>
<td>com.mycompany.myselion.sample.selion.YamlPoweredDataDrivenTest@4dd73938</td></tr>
<tr>
<td title='com.mycompany.myselion.sample.selion.YamlPoweredDataDrivenTest.testDataProviderGetAssociativeArrayOfArrays()'><b>testDataProviderGetAssociativeArrayOfArrays</b><br>Test class: com.mycompany.myselion.sample.selion.YamlPoweredDataDrivenTest<br>Parameters: {name=1, email=user1@paypal.com, txId=10686626}</td>
<td></td>
<td>0</td>
<td>com.mycompany.myselion.sample.selion.YamlPoweredDataDrivenTest@4dd73938</td></tr>
<tr>
<td title='com.mycompany.myselion.sample.selion.YamlPoweredDataDrivenTest.testDataProviderGetAssociativeArrayOfArrays()'><b>testDataProviderGetAssociativeArrayOfArrays</b><br>Test class: com.mycompany.myselion.sample.selion.YamlPoweredDataDrivenTest<br>Parameters: {name=2, email=user2@paypal.com, txId=10686627}</td>
<td></td>
<td>0</td>
<td>com.mycompany.myselion.sample.selion.YamlPoweredDataDrivenTest@4dd73938</td></tr>
<tr>
<td title='com.mycompany.myselion.sample.selion.YamlPoweredDataDrivenTest.testDataProviderGetAssociativeArrayOfLists()'><b>testDataProviderGetAssociativeArrayOfLists</b><br>Test class: com.mycompany.myselion.sample.selion.YamlPoweredDataDrivenTest<br>Parameters: [1, user1@paypal.com, 10686626]</td>
<td></td>
<td>0</td>
<td>com.mycompany.myselion.sample.selion.YamlPoweredDataDrivenTest@4dd73938</td></tr>
<tr>
<td title='com.mycompany.myselion.sample.selion.YamlPoweredDataDrivenTest.testDataProviderGetAssociativeArrayOfLists()'><b>testDataProviderGetAssociativeArrayOfLists</b><br>Test class: com.mycompany.myselion.sample.selion.YamlPoweredDataDrivenTest<br>Parameters: [2, user2@paypal.com, 10686627]</td>
<td></td>
<td>0</td>
<td>com.mycompany.myselion.sample.selion.YamlPoweredDataDrivenTest@4dd73938</td></tr>
<tr>
<td title='com.mycompany.myselion.sample.selion.YamlPoweredDataDrivenTest.testDataProviderGetAssociativeArrayOfUsers()'><b>testDataProviderGetAssociativeArrayOfUsers</b><br>Test class: com.mycompany.myselion.sample.selion.YamlPoweredDataDrivenTest<br>Parameters: UserInformation{name='Nemo', password='password', accountNumber=78901, amount=120.0, areaCode=[AreaCode{areaCode='501'}, AreaCode{areaCode='301'}], bank=BankInformation{name='Well fargo', type='savings', address=AddressInformation{street='12 Pico st'}}, phoneNumber='1-408-666-5508', preintTest=10, isbooleanGood=false, doubleTest=1340.24, longTest=599880, floatTest=0.002, byteTest=0}</td>
<td></td>
<td>0</td>
<td>com.mycompany.myselion.sample.selion.YamlPoweredDataDrivenTest@4dd73938</td></tr>
<tr>
<td title='com.mycompany.myselion.sample.selion.YamlPoweredDataDrivenTest.testDataProviderGetAssociativeArrayOfUsers()'><b>testDataProviderGetAssociativeArrayOfUsers</b><br>Test class: com.mycompany.myselion.sample.selion.YamlPoweredDataDrivenTest<br>Parameters: UserInformation{name='Rambo', password='abc123', accountNumber=123456, amount=100.0, areaCode=[AreaCode{areaCode='501'}, AreaCode{areaCode='408'}, AreaCode{areaCode='650'}], bank=BankInformation{name='BOA', type='checking', address=AddressInformation{street='1234 Elm st'}}, phoneNumber='1-408-225-8040', preintTest=12, isbooleanGood=true, doubleTest=12.5, longTest=167045, floatTest=12.5, byteTest=0}</td>
<td></td>
<td>0</td>
<td>com.mycompany.myselion.sample.selion.YamlPoweredDataDrivenTest@4dd73938</td></tr>
<tr>
<td title='com.mycompany.myselion.sample.selion.YamlPoweredDataDrivenTest.testDataProviderGetAssociativeArrayOfUsers()'><b>testDataProviderGetAssociativeArrayOfUsers</b><br>Test class: com.mycompany.myselion.sample.selion.YamlPoweredDataDrivenTest<br>Parameters: UserInformation{name='Shifu', password='abc124', accountNumber=124567, amount=200.5, areaCode=[AreaCode{areaCode='317'}, AreaCode{areaCode='301'}, AreaCode{areaCode='701'}], bank=BankInformation{name='Well fargo', type='savings', address=AddressInformation{street='12 Pico st'}}, phoneNumber='1-714-666-0043', preintTest=14, isbooleanGood=true, doubleTest=13.5, longTest=1234, floatTest=13.5, byteTest=0}</td>
<td></td>
<td>0</td>
<td>com.mycompany.myselion.sample.selion.YamlPoweredDataDrivenTest@4dd73938</td></tr>
<tr>
<td title='com.mycompany.myselion.sample.selion.YamlPoweredDataDrivenTest.testDataProviderGetAssociativeArrayOfUsers()'><b>testDataProviderGetAssociativeArrayOfUsers</b><br>Test class: com.mycompany.myselion.sample.selion.YamlPoweredDataDrivenTest<br>Parameters: UserInformation{name='Simba', password='abc124', accountNumber=1234567, amount=300.75, areaCode=[AreaCode{areaCode='501'}, AreaCode{areaCode='301'}, AreaCode{areaCode='408'}], bank=BankInformation{name='BOA', type='checking', address=AddressInformation{street='1234 Elm st'}}, phoneNumber='1-213-580-6070', preintTest=17, isbooleanGood=false, doubleTest=14.5, longTest=456567, floatTest=14.5, byteTest=0}</td>
<td></td>
<td>0</td>
<td>com.mycompany.myselion.sample.selion.YamlPoweredDataDrivenTest@4dd73938</td></tr>
<tr>
<td title='com.mycompany.myselion.sample.selion.YamlPoweredDataDrivenTest.testDataProviderGetAssociativeArrayOfUsers()'><b>testDataProviderGetAssociativeArrayOfUsers</b><br>Test class: com.mycompany.myselion.sample.selion.YamlPoweredDataDrivenTest<br>Parameters: UserInformation{name='null', password='null', accountNumber=385749204, amount=null, areaCode=null, bank=null, phoneNumber='null', preintTest=0, isbooleanGood=false, doubleTest=0.0, longTest=0, floatTest=0.0, byteTest=0}</td>
<td></td>
<td>0</td>
<td>com.mycompany.myselion.sample.selion.YamlPoweredDataDrivenTest@4dd73938</td></tr>
<tr>
<td title='com.mycompany.myselion.sample.selion.YamlPoweredDataDrivenTest.testDataProviderGetDataByIndex()'><b>testDataProviderGetDataByIndex</b><br>Test class: com.mycompany.myselion.sample.selion.YamlPoweredDataDrivenTest<br>Parameters: UserInformation{name='Nemo', password='password', accountNumber=78901, amount=120.0, areaCode=[AreaCode{areaCode='501'}, AreaCode{areaCode='301'}], bank=BankInformation{name='Well fargo', type='savings', address=AddressInformation{street='12 Pico st'}}, phoneNumber='1-408-666-5508', preintTest=10, isbooleanGood=false, doubleTest=1340.24, longTest=599880, floatTest=0.002, byteTest=0}</td>
<td></td>
<td>0</td>
<td>com.mycompany.myselion.sample.selion.YamlPoweredDataDrivenTest@4dd73938</td></tr>
<tr>
<td title='com.mycompany.myselion.sample.selion.YamlPoweredDataDrivenTest.testDataProviderGetDataByIndex()'><b>testDataProviderGetDataByIndex</b><br>Test class: com.mycompany.myselion.sample.selion.YamlPoweredDataDrivenTest<br>Parameters: UserInformation{name='Rambo', password='abc123', accountNumber=123456, amount=100.0, areaCode=[AreaCode{areaCode='501'}, AreaCode{areaCode='408'}, AreaCode{areaCode='650'}], bank=BankInformation{name='BOA', type='checking', address=AddressInformation{street='1234 Elm st'}}, phoneNumber='1-408-225-8040', preintTest=12, isbooleanGood=true, doubleTest=12.5, longTest=167045, floatTest=12.5, byteTest=0}</td>
<td></td>
<td>0</td>
<td>com.mycompany.myselion.sample.selion.YamlPoweredDataDrivenTest@4dd73938</td></tr>
<tr>
<td title='com.mycompany.myselion.sample.selion.YamlPoweredDataDrivenTest.testDataProviderGetDataByIndex()'><b>testDataProviderGetDataByIndex</b><br>Test class: com.mycompany.myselion.sample.selion.YamlPoweredDataDrivenTest<br>Parameters: UserInformation{name='Shifu', password='abc124', accountNumber=124567, amount=200.5, areaCode=[AreaCode{areaCode='317'}, AreaCode{areaCode='301'}, AreaCode{areaCode='701'}], bank=BankInformation{name='Well fargo', type='savings', address=AddressInformation{street='12 Pico st'}}, phoneNumber='1-714-666-0043', preintTest=14, isbooleanGood=true, doubleTest=13.5, longTest=1234, floatTest=13.5, byteTest=0}</td>
<td></td>
<td>0</td>
<td>com.mycompany.myselion.sample.selion.YamlPoweredDataDrivenTest@4dd73938</td></tr>
<tr>
<td title='com.mycompany.myselion.sample.selion.YamlPoweredDataDrivenTest.testDataProviderGetDataByIndex()'><b>testDataProviderGetDataByIndex</b><br>Test class: com.mycompany.myselion.sample.selion.YamlPoweredDataDrivenTest<br>Parameters: UserInformation{name='Simba', password='abc124', accountNumber=1234567, amount=300.75, areaCode=[AreaCode{areaCode='501'}, AreaCode{areaCode='301'}, AreaCode{areaCode='408'}], bank=BankInformation{name='BOA', type='checking', address=AddressInformation{street='1234 Elm st'}}, phoneNumber='1-213-580-6070', preintTest=17, isbooleanGood=false, doubleTest=14.5, longTest=456567, floatTest=14.5, byteTest=0}</td>
<td></td>
<td>0</td>
<td>com.mycompany.myselion.sample.selion.YamlPoweredDataDrivenTest@4dd73938</td></tr>
<tr>
<td title='com.mycompany.myselion.sample.selion.YamlPoweredDataDrivenTest.testDataProviderGetDataByIndex()'><b>testDataProviderGetDataByIndex</b><br>Test class: com.mycompany.myselion.sample.selion.YamlPoweredDataDrivenTest<br>Parameters: UserInformation{name='null', password='null', accountNumber=385749204, amount=null, areaCode=null, bank=null, phoneNumber='null', preintTest=0, isbooleanGood=false, doubleTest=0.0, longTest=0, floatTest=0.0, byteTest=0}</td>
<td></td>
<td>0</td>
<td>com.mycompany.myselion.sample.selion.YamlPoweredDataDrivenTest@4dd73938</td></tr>
<tr>
<td title='com.mycompany.myselion.sample.selion.YamlPoweredDataDrivenTest.testDataProviderGetDataByIndex()'><b>testDataProviderGetDataByIndex</b><br>Test class: com.mycompany.myselion.sample.selion.YamlPoweredDataDrivenTest<br>Parameters: UserInformation{name='Simba', password='abc124', accountNumber=1234567, amount=300.75, areaCode=[AreaCode{areaCode='501'}, AreaCode{areaCode='301'}, AreaCode{areaCode='408'}], bank=BankInformation{name='BOA', type='checking', address=AddressInformation{street='1234 Elm st'}}, phoneNumber='1-213-580-6070', preintTest=17, isbooleanGood=false, doubleTest=14.5, longTest=456567, floatTest=14.5, byteTest=0}</td>
<td></td>
<td>0</td>
<td>com.mycompany.myselion.sample.selion.YamlPoweredDataDrivenTest@4dd73938</td></tr>
<tr>
<td title='com.mycompany.myselion.sample.selion.YamlPoweredDataDrivenTest.testDataProviderGetDataByKeys()'><b>testDataProviderGetDataByKeys</b><br>Test class: com.mycompany.myselion.sample.selion.YamlPoweredDataDrivenTest<br>Parameters: UserInformation{name='Nemo', password='password', accountNumber=78901, amount=120.0, areaCode=[AreaCode{areaCode='501'}, AreaCode{areaCode='301'}], bank=BankInformation{name='Well fargo', type='savings', address=AddressInformation{street='12 Pico st'}}, phoneNumber='1-408-666-5508', preintTest=10, isbooleanGood=false, doubleTest=1340.24, longTest=599880, floatTest=0.002, byteTest=0}</td>
<td></td>
<td>0</td>
<td>com.mycompany.myselion.sample.selion.YamlPoweredDataDrivenTest@4dd73938</td></tr>
<tr>
<td title='com.mycompany.myselion.sample.selion.YamlPoweredDataDrivenTest.testDataProviderGetDataByKeys()'><b>testDataProviderGetDataByKeys</b><br>Test class: com.mycompany.myselion.sample.selion.YamlPoweredDataDrivenTest<br>Parameters: UserInformation{name='Rambo', password='abc123', accountNumber=123456, amount=100.0, areaCode=[AreaCode{areaCode='501'}, AreaCode{areaCode='408'}, AreaCode{areaCode='650'}], bank=BankInformation{name='BOA', type='checking', address=AddressInformation{street='1234 Elm st'}}, phoneNumber='1-408-225-8040', preintTest=12, isbooleanGood=true, doubleTest=12.5, longTest=167045, floatTest=12.5, byteTest=0}</td>
<td></td>
<td>0</td>
<td>com.mycompany.myselion.sample.selion.YamlPoweredDataDrivenTest@4dd73938</td></tr>
<tr>
<td title='com.mycompany.myselion.sample.selion.YamlPoweredDataDrivenTest.testDataProviderGetDataByKeys()'><b>testDataProviderGetDataByKeys</b><br>Test class: com.mycompany.myselion.sample.selion.YamlPoweredDataDrivenTest<br>Parameters: UserInformation{name='Shifu', password='abc124', accountNumber=124567, amount=200.5, areaCode=[AreaCode{areaCode='317'}, AreaCode{areaCode='301'}, AreaCode{areaCode='701'}], bank=BankInformation{name='Well fargo', type='savings', address=AddressInformation{street='12 Pico st'}}, phoneNumber='1-714-666-0043', preintTest=14, isbooleanGood=true, doubleTest=13.5, longTest=1234, floatTest=13.5, byteTest=0}</td>
<td></td>
<td>0</td>
<td>com.mycompany.myselion.sample.selion.YamlPoweredDataDrivenTest@4dd73938</td></tr>
<tr>
<td title='com.mycompany.myselion.sample.selion.YamlPoweredDataDrivenTest.testDataProviderGetDataByKeys()'><b>testDataProviderGetDataByKeys</b><br>Test class: com.mycompany.myselion.sample.selion.YamlPoweredDataDrivenTest<br>Parameters: UserInformation{name='Simba', password='abc124', accountNumber=1234567, amount=300.75, areaCode=[AreaCode{areaCode='501'}, AreaCode{areaCode='301'}, AreaCode{areaCode='408'}], bank=BankInformation{name='BOA', type='checking', address=AddressInformation{street='1234 Elm st'}}, phoneNumber='1-213-580-6070', preintTest=17, isbooleanGood=false, doubleTest=14.5, longTest=456567, floatTest=14.5, byteTest=0}</td>
<td></td>
<td>0</td>
<td>com.mycompany.myselion.sample.selion.YamlPoweredDataDrivenTest@4dd73938</td></tr>
<tr>
<td title='com.mycompany.myselion.sample.selion.YamlPoweredDataDrivenTest.testDataProviderGetDocumentSeparatedLists()'><b>testDataProviderGetDocumentSeparatedLists</b><br>Test class: com.mycompany.myselion.sample.selion.YamlPoweredDataDrivenTest<br>Parameters: [string1, string2, string3]</td>
<td></td>
<td>0</td>
<td>com.mycompany.myselion.sample.selion.YamlPoweredDataDrivenTest@4dd73938</td></tr>
<tr>
<td title='com.mycompany.myselion.sample.selion.YamlPoweredDataDrivenTest.testDataProviderGetDocumentSeparatedLists()'><b>testDataProviderGetDocumentSeparatedLists</b><br>Test class: com.mycompany.myselion.sample.selion.YamlPoweredDataDrivenTest<br>Parameters: [string1, string2, string3]</td>
<td></td>
<td>0</td>
<td>com.mycompany.myselion.sample.selion.YamlPoweredDataDrivenTest@4dd73938</td></tr>
<tr>
<td title='com.mycompany.myselion.sample.selion.YamlPoweredDataDrivenTest.testDataProviderGetDocumentSeparatedLists()'><b>testDataProviderGetDocumentSeparatedLists</b><br>Test class: com.mycompany.myselion.sample.selion.YamlPoweredDataDrivenTest<br>Parameters: {item1=string1, item2=string2, item3=string3}</td>
<td></td>
<td>0</td>
<td>com.mycompany.myselion.sample.selion.YamlPoweredDataDrivenTest@4dd73938</td></tr>
<tr>
<td title='com.mycompany.myselion.sample.selion.YamlPoweredDataDrivenTest.testDataProviderGetDocumentSeparatedLists()'><b>testDataProviderGetDocumentSeparatedLists</b><br>Test class: com.mycompany.myselion.sample.selion.YamlPoweredDataDrivenTest<br>Parameters: {item1=string1, item2=string2, item3=string3}</td>
<td></td>
<td>0</td>
<td>com.mycompany.myselion.sample.selion.YamlPoweredDataDrivenTest@4dd73938</td></tr>
<tr>
<td title='com.mycompany.myselion.sample.selion.YamlPoweredDataDrivenTest.testDataProviderGetDocumentSeparatedUsers()'><b>testDataProviderGetDocumentSeparatedUsers</b><br>Test class: com.mycompany.myselion.sample.selion.YamlPoweredDataDrivenTest<br>Parameters: UserInformation{name='Nemo', password='password', accountNumber=78901, amount=120.0, areaCode=[AreaCode{areaCode='501'}, AreaCode{areaCode='301'}], bank=BankInformation{name='Well fargo', type='savings', address=AddressInformation{street='12 Pico st'}}, phoneNumber='1-408-666-5508', preintTest=10, isbooleanGood=false, doubleTest=1340.24, longTest=599880, floatTest=0.002, byteTest=0}</td>
<td></td>
<td>0</td>
<td>com.mycompany.myselion.sample.selion.YamlPoweredDataDrivenTest@4dd73938</td></tr>
<tr>
<td title='com.mycompany.myselion.sample.selion.YamlPoweredDataDrivenTest.testDataProviderGetDocumentSeparatedUsers()'><b>testDataProviderGetDocumentSeparatedUsers</b><br>Test class: com.mycompany.myselion.sample.selion.YamlPoweredDataDrivenTest<br>Parameters: UserInformation{name='Rambo', password='abc123', accountNumber=123456, amount=100.0, areaCode=[AreaCode{areaCode='501'}, AreaCode{areaCode='408'}, AreaCode{areaCode='650'}], bank=BankInformation{name='BOA', type='checking', address=AddressInformation{street='1234 Elm st'}}, phoneNumber='1-408-225-8040', preintTest=12, isbooleanGood=true, doubleTest=12.5, longTest=167045, floatTest=12.5, byteTest=0}</td>
<td></td>
<td>0</td>
<td>com.mycompany.myselion.sample.selion.YamlPoweredDataDrivenTest@4dd73938</td></tr>
<tr>
<td title='com.mycompany.myselion.sample.selion.YamlPoweredDataDrivenTest.testDataProviderGetDocumentSeparatedUsers()'><b>testDataProviderGetDocumentSeparatedUsers</b><br>Test class: com.mycompany.myselion.sample.selion.YamlPoweredDataDrivenTest<br>Parameters: UserInformation{name='Shifu', password='abc124', accountNumber=124567, amount=200.5, areaCode=[AreaCode{areaCode='317'}, AreaCode{areaCode='301'}, AreaCode{areaCode='701'}], bank=BankInformation{name='Well fargo', type='savings', address=AddressInformation{street='12 Pico st'}}, phoneNumber='1-714-666-0043', preintTest=14, isbooleanGood=true, doubleTest=13.5, longTest=1234, floatTest=13.5, byteTest=0}</td>
<td></td>
<td>0</td>
<td>com.mycompany.myselion.sample.selion.YamlPoweredDataDrivenTest@4dd73938</td></tr>
<tr>
<td title='com.mycompany.myselion.sample.selion.YamlPoweredDataDrivenTest.testDataProviderGetDocumentSeparatedUsers()'><b>testDataProviderGetDocumentSeparatedUsers</b><br>Test class: com.mycompany.myselion.sample.selion.YamlPoweredDataDrivenTest<br>Parameters: UserInformation{name='Simba', password='abc124', accountNumber=1234567, amount=300.75, areaCode=[AreaCode{areaCode='501'}, AreaCode{areaCode='301'}, AreaCode{areaCode='408'}], bank=BankInformation{name='BOA', type='checking', address=AddressInformation{street='1234 Elm st'}}, phoneNumber='1-213-580-6070', preintTest=17, isbooleanGood=false, doubleTest=14.5, longTest=456567, floatTest=14.5, byteTest=0}</td>
<td></td>
<td>0</td>
<td>com.mycompany.myselion.sample.selion.YamlPoweredDataDrivenTest@4dd73938</td></tr>
<tr>
<td title='com.mycompany.myselion.sample.selion.YamlPoweredDataDrivenTest.testDataProviderGetDocumentSeparatedUsers()'><b>testDataProviderGetDocumentSeparatedUsers</b><br>Test class: com.mycompany.myselion.sample.selion.YamlPoweredDataDrivenTest<br>Parameters: UserInformation{name='null', password='null', accountNumber=385749204, amount=null, areaCode=null, bank=null, phoneNumber='null', preintTest=0, isbooleanGood=false, doubleTest=0.0, longTest=0, floatTest=0.0, byteTest=0}</td>
<td></td>
<td>0</td>
<td>com.mycompany.myselion.sample.selion.YamlPoweredDataDrivenTest@4dd73938</td></tr>
<tr>
<td title='com.mycompany.myselion.sample.selion.YamlPoweredDataDrivenTest.testDataProviderGetDocumentSeparatedUsers()'><b>testDataProviderGetDocumentSeparatedUsers</b><br>Test class: com.mycompany.myselion.sample.selion.YamlPoweredDataDrivenTest<br>Parameters: UserInformation{name='Simba', password='abc124', accountNumber=1234567, amount=300.75, areaCode=[AreaCode{areaCode='501'}, AreaCode{areaCode='301'}, AreaCode{areaCode='408'}], bank=BankInformation{name='BOA', type='checking', address=AddressInformation{street='1234 Elm st'}}, phoneNumber='1-213-580-6070', preintTest=17, isbooleanGood=false, doubleTest=14.5, longTest=456567, floatTest=14.5, byteTest=0}</td>
<td></td>
<td>0</td>
<td>com.mycompany.myselion.sample.selion.YamlPoweredDataDrivenTest@4dd73938</td></tr>
<tr>
<td title='com.mycompany.myselion.sample.selion.YamlPoweredDataDrivenTest.testDataProviderGetList()'><b>testDataProviderGetList</b><br>Test class: com.mycompany.myselion.sample.selion.YamlPoweredDataDrivenTest<br>Parameters: string1</td>
<td></td>
<td>0</td>
<td>com.mycompany.myselion.sample.selion.YamlPoweredDataDrivenTest@4dd73938</td></tr>
<tr>
<td title='com.mycompany.myselion.sample.selion.YamlPoweredDataDrivenTest.testDataProviderGetList()'><b>testDataProviderGetList</b><br>Test class: com.mycompany.myselion.sample.selion.YamlPoweredDataDrivenTest<br>Parameters: string2</td>
<td></td>
<td>0</td>
<td>com.mycompany.myselion.sample.selion.YamlPoweredDataDrivenTest@4dd73938</td></tr>
<tr>
<td title='com.mycompany.myselion.sample.selion.YamlPoweredDataDrivenTest.testDataProviderGetList()'><b>testDataProviderGetList</b><br>Test class: com.mycompany.myselion.sample.selion.YamlPoweredDataDrivenTest<br>Parameters: string3</td>
<td></td>
<td>0</td>
<td>com.mycompany.myselion.sample.selion.YamlPoweredDataDrivenTest@4dd73938</td></tr>
<tr>
<td title='com.mycompany.myselion.sample.selion.YamlPoweredDataDrivenTest.testDataProviderGetListOfAssociativeArrays()'><b>testDataProviderGetListOfAssociativeArrays</b><br>Test class: com.mycompany.myselion.sample.selion.YamlPoweredDataDrivenTest<br>Parameters: {name=1, email=user1@paypal.com, txId=10686626}</td>
<td></td>
<td>0</td>
<td>com.mycompany.myselion.sample.selion.YamlPoweredDataDrivenTest@4dd73938</td></tr>
<tr>
<td title='com.mycompany.myselion.sample.selion.YamlPoweredDataDrivenTest.testDataProviderGetListOfAssociativeArrays()'><b>testDataProviderGetListOfAssociativeArrays</b><br>Test class: com.mycompany.myselion.sample.selion.YamlPoweredDataDrivenTest<br>Parameters: {name=2, email=user2@paypal.com, txId=10686627}</td>
<td></td>
<td>0</td>
<td>com.mycompany.myselion.sample.selion.YamlPoweredDataDrivenTest@4dd73938</td></tr>
<tr>
<td title='com.mycompany.myselion.sample.selion.YamlPoweredDataDrivenTest.testDataProviderGetListOfAssociativeArrays()'><b>testDataProviderGetListOfAssociativeArrays</b><br>Test class: com.mycompany.myselion.sample.selion.YamlPoweredDataDrivenTest<br>Parameters: {name=1, email=user1@paypal.com, txId=10686626}</td>
<td></td>
<td>0</td>
<td>com.mycompany.myselion.sample.selion.YamlPoweredDataDrivenTest@4dd73938</td></tr>
<tr>
<td title='com.mycompany.myselion.sample.selion.YamlPoweredDataDrivenTest.testDataProviderGetListOfAssociativeArrays()'><b>testDataProviderGetListOfAssociativeArrays</b><br>Test class: com.mycompany.myselion.sample.selion.YamlPoweredDataDrivenTest<br>Parameters: {name=2, email=user2@paypal.com, txId=10686627}</td>
<td></td>
<td>0</td>
<td>com.mycompany.myselion.sample.selion.YamlPoweredDataDrivenTest@4dd73938</td></tr>
<tr>
<td title='com.mycompany.myselion.sample.selion.YamlPoweredDataDrivenTest.testDataProviderGetListOfAssociativeArrays()'><b>testDataProviderGetListOfAssociativeArrays</b><br>Test class: com.mycompany.myselion.sample.selion.YamlPoweredDataDrivenTest<br>Parameters: {name=1, email=user1@paypal.com, txId=10686626}</td>
<td></td>
<td>0</td>
<td>com.mycompany.myselion.sample.selion.YamlPoweredDataDrivenTest@4dd73938</td></tr>
<tr>
<td title='com.mycompany.myselion.sample.selion.YamlPoweredDataDrivenTest.testDataProviderGetListOfAssociativeArrays()'><b>testDataProviderGetListOfAssociativeArrays</b><br>Test class: com.mycompany.myselion.sample.selion.YamlPoweredDataDrivenTest<br>Parameters: {name=2, email=user2@paypal.com, txId=10686627}</td>
<td></td>
<td>0</td>
<td>com.mycompany.myselion.sample.selion.YamlPoweredDataDrivenTest@4dd73938</td></tr>
<tr>
<td title='com.mycompany.myselion.sample.selion.YamlPoweredDataDrivenTest.testDataProviderGetListOfLists()'><b>testDataProviderGetListOfLists</b><br>Test class: com.mycompany.myselion.sample.selion.YamlPoweredDataDrivenTest<br>Parameters: [1, user1@paypal.com, 10686626]</td>
<td></td>
<td>0</td>
<td>com.mycompany.myselion.sample.selion.YamlPoweredDataDrivenTest@4dd73938</td></tr>
<tr>
<td title='com.mycompany.myselion.sample.selion.YamlPoweredDataDrivenTest.testDataProviderGetListOfLists()'><b>testDataProviderGetListOfLists</b><br>Test class: com.mycompany.myselion.sample.selion.YamlPoweredDataDrivenTest<br>Parameters: [2, user2@paypal.com, 10686627]</td>
<td></td>
<td>0</td>
<td>com.mycompany.myselion.sample.selion.YamlPoweredDataDrivenTest@4dd73938</td></tr>
<tr>
<td title='com.mycompany.myselion.sample.selion.YamlPoweredDataDrivenTest.testDataProviderGetListOfUsers()'><b>testDataProviderGetListOfUsers</b><br>Test class: com.mycompany.myselion.sample.selion.YamlPoweredDataDrivenTest<br>Parameters: UserInformation{name='Nemo', password='password', accountNumber=78901, amount=120.0, areaCode=[AreaCode{areaCode='501'}, AreaCode{areaCode='301'}], bank=BankInformation{name='Well fargo', type='savings', address=AddressInformation{street='12 Pico st'}}, phoneNumber='1-408-666-5508', preintTest=10, isbooleanGood=false, doubleTest=1340.24, longTest=599880, floatTest=0.002, byteTest=0}</td>
<td></td>
<td>0</td>
<td>com.mycompany.myselion.sample.selion.YamlPoweredDataDrivenTest@4dd73938</td></tr>
<tr>
<td title='com.mycompany.myselion.sample.selion.YamlPoweredDataDrivenTest.testDataProviderGetListOfUsers()'><b>testDataProviderGetListOfUsers</b><br>Test class: com.mycompany.myselion.sample.selion.YamlPoweredDataDrivenTest<br>Parameters: UserInformation{name='Rambo', password='abc123', accountNumber=123456, amount=100.0, areaCode=[AreaCode{areaCode='501'}, AreaCode{areaCode='408'}, AreaCode{areaCode='650'}], bank=BankInformation{name='BOA', type='checking', address=AddressInformation{street='1234 Elm st'}}, phoneNumber='1-408-225-8040', preintTest=12, isbooleanGood=true, doubleTest=12.5, longTest=167045, floatTest=12.5, byteTest=0}</td>
<td></td>
<td>0</td>
<td>com.mycompany.myselion.sample.selion.YamlPoweredDataDrivenTest@4dd73938</td></tr>
<tr>
<td title='com.mycompany.myselion.sample.selion.YamlPoweredDataDrivenTest.testDataProviderGetListOfUsers()'><b>testDataProviderGetListOfUsers</b><br>Test class: com.mycompany.myselion.sample.selion.YamlPoweredDataDrivenTest<br>Parameters: UserInformation{name='Shifu', password='abc124', accountNumber=124567, amount=200.5, areaCode=[AreaCode{areaCode='317'}, AreaCode{areaCode='301'}, AreaCode{areaCode='701'}], bank=BankInformation{name='Well fargo', type='savings', address=AddressInformation{street='12 Pico st'}}, phoneNumber='1-714-666-0043', preintTest=14, isbooleanGood=true, doubleTest=13.5, longTest=1234, floatTest=13.5, byteTest=0}</td>
<td></td>
<td>0</td>
<td>com.mycompany.myselion.sample.selion.YamlPoweredDataDrivenTest@4dd73938</td></tr>
<tr>
<td title='com.mycompany.myselion.sample.selion.YamlPoweredDataDrivenTest.testDataProviderGetListOfUsers()'><b>testDataProviderGetListOfUsers</b><br>Test class: com.mycompany.myselion.sample.selion.YamlPoweredDataDrivenTest<br>Parameters: UserInformation{name='Simba', password='abc124', accountNumber=1234567, amount=300.75, areaCode=[AreaCode{areaCode='501'}, AreaCode{areaCode='301'}, AreaCode{areaCode='408'}], bank=BankInformation{name='BOA', type='checking', address=AddressInformation{street='1234 Elm st'}}, phoneNumber='1-213-580-6070', preintTest=17, isbooleanGood=false, doubleTest=14.5, longTest=456567, floatTest=14.5, byteTest=0}</td>
<td></td>
<td>0</td>
<td>com.mycompany.myselion.sample.selion.YamlPoweredDataDrivenTest@4dd73938</td></tr>
<tr>
<td title='com.mycompany.myselion.sample.selion.YamlPoweredDataDrivenTest.testDataProviderGetListOfUsers()'><b>testDataProviderGetListOfUsers</b><br>Test class: com.mycompany.myselion.sample.selion.YamlPoweredDataDrivenTest<br>Parameters: UserInformation{name='null', password='null', accountNumber=385749204, amount=null, areaCode=null, bank=null, phoneNumber='null', preintTest=0, isbooleanGood=false, doubleTest=0.0, longTest=0, floatTest=0.0, byteTest=0}</td>
<td></td>
<td>0</td>
<td>com.mycompany.myselion.sample.selion.YamlPoweredDataDrivenTest@4dd73938</td></tr>
<tr>
<td title='com.mycompany.myselion.sample.selion.YamlPoweredDataDrivenTest.testDataProviderGetListOfUsers()'><b>testDataProviderGetListOfUsers</b><br>Test class: com.mycompany.myselion.sample.selion.YamlPoweredDataDrivenTest<br>Parameters: UserInformation{name='Simba', password='abc124', accountNumber=1234567, amount=300.75, areaCode=[AreaCode{areaCode='501'}, AreaCode{areaCode='301'}, AreaCode{areaCode='408'}], bank=BankInformation{name='BOA', type='checking', address=AddressInformation{street='1234 Elm st'}}, phoneNumber='1-213-580-6070', preintTest=17, isbooleanGood=false, doubleTest=14.5, longTest=456567, floatTest=14.5, byteTest=0}</td>
<td></td>
<td>0</td>
<td>com.mycompany.myselion.sample.selion.YamlPoweredDataDrivenTest@4dd73938</td></tr>
<tr>
<td title='com.mycompany.myselion.sample.selion.YamlPoweredDataDrivenTest.testDataProviderGetMultipleArguments()'><b>testDataProviderGetMultipleArguments</b><br>Test class: com.mycompany.myselion.sample.selion.YamlPoweredDataDrivenTest<br>Parameters: UserInformation{name='Nemo', password='password', accountNumber=78901, amount=120.0, areaCode=[AreaCode{areaCode='501'}, AreaCode{areaCode='301'}], bank=BankInformation{name='Well fargo', type='savings', address=AddressInformation{street='12 Pico st'}}, phoneNumber='1-408-666-5508', preintTest=10, isbooleanGood=false, doubleTest=1340.24, longTest=599880, floatTest=0.002, byteTest=0}, UserInformation{name='Nemo', password='password', accountNumber=78901, amount=120.0, areaCode=[AreaCode{areaCode='501'}, AreaCode{areaCode='301'}], bank=BankInformation{name='Well fargo', type='savings', address=AddressInformation{street='12 Pico st'}}, phoneNumber='1-408-666-5508', preintTest=10, isbooleanGood=false, doubleTest=1340.24, longTest=599880, floatTest=0.002, byteTest=0}</td>
<td></td>
<td>0</td>
<td>com.mycompany.myselion.sample.selion.YamlPoweredDataDrivenTest@4dd73938</td></tr>
<tr>
<td title='com.mycompany.myselion.sample.selion.YamlPoweredDataDrivenTest.testDataProviderGetMultipleArguments()'><b>testDataProviderGetMultipleArguments</b><br>Test class: com.mycompany.myselion.sample.selion.YamlPoweredDataDrivenTest<br>Parameters: UserInformation{name='Rambo', password='abc123', accountNumber=123456, amount=100.0, areaCode=[AreaCode{areaCode='501'}, AreaCode{areaCode='408'}, AreaCode{areaCode='650'}], bank=BankInformation{name='BOA', type='checking', address=AddressInformation{street='1234 Elm st'}}, phoneNumber='1-408-225-8040', preintTest=12, isbooleanGood=true, doubleTest=12.5, longTest=167045, floatTest=12.5, byteTest=0}, UserInformation{name='Rambo', password='abc123', accountNumber=123456, amount=100.0, areaCode=[AreaCode{areaCode='501'}, AreaCode{areaCode='408'}, AreaCode{areaCode='650'}], bank=BankInformation{name='BOA', type='checking', address=AddressInformation{street='1234 Elm st'}}, phoneNumber='1-408-225-8040', preintTest=12, isbooleanGood=true, doubleTest=12.5, longTest=167045, floatTest=12.5, byteTest=0}</td>
<td></td>
<td>0</td>
<td>com.mycompany.myselion.sample.selion.YamlPoweredDataDrivenTest@4dd73938</td></tr>
<tr>
<td title='com.mycompany.myselion.sample.selion.YamlPoweredDataDrivenTest.testDataProviderGetMultipleArguments()'><b>testDataProviderGetMultipleArguments</b><br>Test class: com.mycompany.myselion.sample.selion.YamlPoweredDataDrivenTest<br>Parameters: UserInformation{name='Shifu', password='abc124', accountNumber=124567, amount=200.5, areaCode=[AreaCode{areaCode='317'}, AreaCode{areaCode='301'}, AreaCode{areaCode='701'}], bank=BankInformation{name='Well fargo', type='savings', address=AddressInformation{street='12 Pico st'}}, phoneNumber='1-714-666-0043', preintTest=14, isbooleanGood=true, doubleTest=13.5, longTest=1234, floatTest=13.5, byteTest=0}, UserInformation{name='Shifu', password='abc124', accountNumber=124567, amount=200.5, areaCode=[AreaCode{areaCode='317'}, AreaCode{areaCode='301'}, AreaCode{areaCode='701'}], bank=BankInformation{name='Well fargo', type='savings', address=AddressInformation{street='12 Pico st'}}, phoneNumber='1-714-666-0043', preintTest=14, isbooleanGood=true, doubleTest=13.5, longTest=1234, floatTest=13.5, byteTest=0}</td>
<td></td>
<td>0</td>
<td>com.mycompany.myselion.sample.selion.YamlPoweredDataDrivenTest@4dd73938</td></tr>
<tr>
<td title='com.mycompany.myselion.sample.selion.YamlPoweredDataDrivenTest.testDataProviderGetMultipleArguments()'><b>testDataProviderGetMultipleArguments</b><br>Test class: com.mycompany.myselion.sample.selion.YamlPoweredDataDrivenTest<br>Parameters: UserInformation{name='Simba', password='abc124', accountNumber=1234567, amount=300.75, areaCode=[AreaCode{areaCode='501'}, AreaCode{areaCode='301'}, AreaCode{areaCode='408'}], bank=BankInformation{name='BOA', type='checking', address=AddressInformation{street='1234 Elm st'}}, phoneNumber='1-213-580-6070', preintTest=17, isbooleanGood=false, doubleTest=14.5, longTest=456567, floatTest=14.5, byteTest=0}, UserInformation{name='Simba', password='abc124', accountNumber=1234567, amount=300.75, areaCode=[AreaCode{areaCode='501'}, AreaCode{areaCode='301'}, AreaCode{areaCode='408'}], bank=BankInformation{name='BOA', type='checking', address=AddressInformation{street='1234 Elm st'}}, phoneNumber='1-213-580-6070', preintTest=17, isbooleanGood=false, doubleTest=14.5, longTest=456567, floatTest=14.5, byteTest=0}</td>
<td></td>
<td>0</td>
<td>com.mycompany.myselion.sample.selion.YamlPoweredDataDrivenTest@4dd73938</td></tr>
<tr>
<td title='com.mycompany.myselion.sample.selion.YamlPoweredDataDrivenTest.testDataProviderGetMultipleArguments()'><b>testDataProviderGetMultipleArguments</b><br>Test class: com.mycompany.myselion.sample.selion.YamlPoweredDataDrivenTest<br>Parameters: UserInformation{name='null', password='null', accountNumber=385749204, amount=null, areaCode=null, bank=null, phoneNumber='null', preintTest=0, isbooleanGood=false, doubleTest=0.0, longTest=0, floatTest=0.0, byteTest=0}, UserInformation{name='null', password='null', accountNumber=385749204, amount=null, areaCode=null, bank=null, phoneNumber='null', preintTest=0, isbooleanGood=false, doubleTest=0.0, longTest=0, floatTest=0.0, byteTest=0}</td>
<td></td>
<td>0</td>
<td>com.mycompany.myselion.sample.selion.YamlPoweredDataDrivenTest@4dd73938</td></tr>
<tr>
<td title='com.mycompany.myselion.sample.selion.YamlPoweredDataDrivenTest.testDataProviderGetMultipleArguments()'><b>testDataProviderGetMultipleArguments</b><br>Test class: com.mycompany.myselion.sample.selion.YamlPoweredDataDrivenTest<br>Parameters: UserInformation{name='Simba', password='abc124', accountNumber=1234567, amount=300.75, areaCode=[AreaCode{areaCode='501'}, AreaCode{areaCode='301'}, AreaCode{areaCode='408'}], bank=BankInformation{name='BOA', type='checking', address=AddressInformation{street='1234 Elm st'}}, phoneNumber='1-213-580-6070', preintTest=17, isbooleanGood=false, doubleTest=14.5, longTest=456567, floatTest=14.5, byteTest=0}, UserInformation{name='Simba', password='abc124', accountNumber=1234567, amount=300.75, areaCode=[AreaCode{areaCode='501'}, AreaCode{areaCode='301'}, AreaCode{areaCode='408'}], bank=BankInformation{name='BOA', type='checking', address=AddressInformation{street='1234 Elm st'}}, phoneNumber='1-213-580-6070', preintTest=17, isbooleanGood=false, doubleTest=14.5, longTest=456567, floatTest=14.5, byteTest=0}</td>
<td></td>
<td>0</td>
<td>com.mycompany.myselion.sample.selion.YamlPoweredDataDrivenTest@4dd73938</td></tr>
<tr>
<td title='com.mycompany.myselion.sample.selion.YamlPoweredDataDrivenTest.testDataProviderGetStringList()'><b>testDataProviderGetStringList</b><br>Test class: com.mycompany.myselion.sample.selion.YamlPoweredDataDrivenTest<br>Parameters: string1, string1</td>
<td></td>
<td>0</td>
<td>com.mycompany.myselion.sample.selion.YamlPoweredDataDrivenTest@4dd73938</td></tr>
<tr>
<td title='com.mycompany.myselion.sample.selion.YamlPoweredDataDrivenTest.testDataProviderGetStringList()'><b>testDataProviderGetStringList</b><br>Test class: com.mycompany.myselion.sample.selion.YamlPoweredDataDrivenTest<br>Parameters: string2, string2</td>
<td></td>
<td>0</td>
<td>com.mycompany.myselion.sample.selion.YamlPoweredDataDrivenTest@4dd73938</td></tr>
<tr>
<td title='com.mycompany.myselion.sample.selion.YamlPoweredDataDrivenTest.testDataProviderGetStringList()'><b>testDataProviderGetStringList</b><br>Test class: com.mycompany.myselion.sample.selion.YamlPoweredDataDrivenTest<br>Parameters: string3, string3</td>
<td></td>
<td>0</td>
<td>com.mycompany.myselion.sample.selion.YamlPoweredDataDrivenTest@4dd73938</td></tr>
<tr>
<td title='com.mycompany.myselion.sample.selion.DataDrivenWithCustomTypesTest.testExcelDataValues()'><b>testExcelDataValues</b><br>Test class: com.mycompany.myselion.sample.selion.DataDrivenWithCustomTypesTest<br>Parameters: CustomData{employeeName='Simon Stewart', country=UNITED_STATES}<br/>
<a href="#Output-1619433273" onClick='toggleBox("Output-1619433273", this, "Show output", "Hide output");'>Show output</a>

<a href="#Output-1619433273" onClick="toggleAllBoxes();">Show all outputs</a>
<div class='log' id="Output-1619433273">
Running test for CustomData{employeeName='Simon Stewart', country=UNITED_STATES}<br/>
</div>
</td>
<td></td>
<td>0</td>
<td>com.mycompany.myselion.sample.selion.DataDrivenWithCustomTypesTest@1585a1cb</td></tr>
<tr>
<td title='com.mycompany.myselion.sample.selion.DataDrivenWithCustomTypesTest.testExcelDataValues()'><b>testExcelDataValues</b><br>Test class: com.mycompany.myselion.sample.selion.DataDrivenWithCustomTypesTest<br>Parameters: CustomData{employeeName='Jim Evans', country=UNITED_STATES}<br/>
<a href="#Output-713037907" onClick='toggleBox("Output-713037907", this, "Show output", "Hide output");'>Show output</a>

<a href="#Output-713037907" onClick="toggleAllBoxes();">Show all outputs</a>
<div class='log' id="Output-713037907">
Running test for CustomData{employeeName='Jim Evans', country=UNITED_STATES}<br/>
</div>
</td>
<td></td>
<td>0</td>
<td>com.mycompany.myselion.sample.selion.DataDrivenWithCustomTypesTest@1585a1cb</td></tr>
<tr>
<td title='com.mycompany.myselion.sample.selion.DataDrivenWithCustomTypesTest.testExcelDataValues()'><b>testExcelDataValues</b><br>Test class: com.mycompany.myselion.sample.selion.DataDrivenWithCustomTypesTest<br>Parameters: CustomData{employeeName='Francois Reynaud', country=UNITED_STATES}<br/>
<a href="#Output-1069352689" onClick='toggleBox("Output-1069352689", this, "Show output", "Hide output");'>Show output</a>

<a href="#Output-1069352689" onClick="toggleAllBoxes();">Show all outputs</a>
<div class='log' id="Output-1069352689">
Running test for CustomData{employeeName='Francois Reynaud', country=UNITED_STATES}<br/>
</div>
</td>
<td></td>
<td>0</td>
<td>com.mycompany.myselion.sample.selion.DataDrivenWithCustomTypesTest@1585a1cb</td></tr>
<tr>
<td title='com.mycompany.myselion.sample.selion.SimpleDataDrivenTest.testExcelDataValues()'><b>testExcelDataValues</b><br>Test class: com.mycompany.myselion.sample.selion.SimpleDataDrivenTest<br>Parameters: SimpleData{employeeId=1, employeeName='Simon Stewart'}<br/>
<a href="#Output-479433702" onClick='toggleBox("Output-479433702", this, "Show output", "Hide output");'>Show output</a>

<a href="#Output-479433702" onClick="toggleAllBoxes();">Show all outputs</a>
<div class='log' id="Output-479433702">
Running test for SimpleData{employeeId=1, employeeName='Simon Stewart'}<br/>
</div>
</td>
<td></td>
<td>0</td>
<td>com.mycompany.myselion.sample.selion.SimpleDataDrivenTest@24a5031d</td></tr>
<tr>
<td title='com.mycompany.myselion.sample.selion.SimpleDataDrivenTest.testExcelDataValues()'><b>testExcelDataValues</b><br>Test class: com.mycompany.myselion.sample.selion.SimpleDataDrivenTest<br>Parameters: SimpleData{employeeId=2, employeeName='Jim Evans'}<br/>
<a href="#Output-483585970" onClick='toggleBox("Output-483585970", this, "Show output", "Hide output");'>Show output</a>

<a href="#Output-483585970" onClick="toggleAllBoxes();">Show all outputs</a>
<div class='log' id="Output-483585970">
Running test for SimpleData{employeeId=2, employeeName='Jim Evans'}<br/>
</div>
</td>
<td></td>
<td>0</td>
<td>com.mycompany.myselion.sample.selion.SimpleDataDrivenTest@24a5031d</td></tr>
<tr>
<td title='com.mycompany.myselion.sample.selion.SimpleDataDrivenTest.testExcelDataValues()'><b>testExcelDataValues</b><br>Test class: com.mycompany.myselion.sample.selion.SimpleDataDrivenTest<br>Parameters: SimpleData{employeeId=3, employeeName='Francois Reynaud'}<br/>
<a href="#Output-1551277542" onClick='toggleBox("Output-1551277542", this, "Show output", "Hide output");'>Show output</a>

<a href="#Output-1551277542" onClick="toggleAllBoxes();">Show all outputs</a>
<div class='log' id="Output-1551277542">
Running test for SimpleData{employeeId=3, employeeName='Francois Reynaud'}<br/>
</div>
</td>
<td></td>
<td>0</td>
<td>com.mycompany.myselion.sample.selion.SimpleDataDrivenTest@24a5031d</td></tr>
<tr>
<td title='com.mycompany.myselion.sample.selion.SimpleDataDrivenWithSelectiveRowsTest.testExcelDataValues()'><b>testExcelDataValues</b><br>Test class: com.mycompany.myselion.sample.selion.SimpleDataDrivenWithSelectiveRowsTest<br>Parameters: SimpleData{employeeId=1, employeeName='Simon Stewart'}<br/>
<a href="#Output-1200055566" onClick='toggleBox("Output-1200055566", this, "Show output", "Hide output");'>Show output</a>

<a href="#Output-1200055566" onClick="toggleAllBoxes();">Show all outputs</a>
<div class='log' id="Output-1200055566">
Running test for SimpleData{employeeId=1, employeeName='Simon Stewart'}<br/>
</div>
</td>
<td></td>
<td>0</td>
<td>com.mycompany.myselion.sample.selion.SimpleDataDrivenWithSelectiveRowsTest@4d6f77b6</td></tr>
<tr>
<td title='com.mycompany.myselion.sample.selion.SimpleDataDrivenWithSelectiveRowsTest.testExcelDataValues()'><b>testExcelDataValues</b><br>Test class: com.mycompany.myselion.sample.selion.SimpleDataDrivenWithSelectiveRowsTest<br>Parameters: SimpleData{employeeId=2, employeeName='Jim Evans'}<br/>
<a href="#Output-1719136796" onClick='toggleBox("Output-1719136796", this, "Show output", "Hide output");'>Show output</a>

<a href="#Output-1719136796" onClick="toggleAllBoxes();">Show all outputs</a>
<div class='log' id="Output-1719136796">
Running test for SimpleData{employeeId=2, employeeName='Jim Evans'}<br/>
</div>
</td>
<td></td>
<td>0</td>
<td>com.mycompany.myselion.sample.selion.SimpleDataDrivenWithSelectiveRowsTest@4d6f77b6</td></tr>
<tr>
<td title='com.mycompany.myselion.sample.selion.SimpleDataDrivenWithSelectiveRowsTest.testHowManyRowsWereRead()'><b>testHowManyRowsWereRead</b><br>Test class: com.mycompany.myselion.sample.selion.SimpleDataDrivenWithSelectiveRowsTest</td>
<td></td>
<td>0</td>
<td>com.mycompany.myselion.sample.selion.SimpleDataDrivenWithSelectiveRowsTest@4d6f77b6</td></tr>
</table><p>
</body>
</html>